[Wed Aug 05 13:25:48.507310 2020] [mpm_winnt:notice] [pid 3228:tid 684] AH00455: Apache/2.4.35 (Win64) OpenSSL/1.1.1b PHP/7.2.19 configured -- resuming normal operations
[Wed Aug 05 13:25:48.507310 2020] [mpm_winnt:notice] [pid 3228:tid 684] AH00456: Apache Lounge VC15 Server built: Sep 19 2018 16:08:47
[Wed Aug 05 13:25:48.507310 2020] [core:notice] [pid 3228:tid 684] AH00094: Command line: 'C:\\laragon\\bin\\apache\\httpd-2.4.35-win64-VC15\\bin\\httpd -d C:/laragon/bin/apache/httpd-2.4.35-win64-VC15'
[Wed Aug 05 13:25:48.509300 2020] [mpm_winnt:notice] [pid 3228:tid 684] AH00418: Parent: Created child process 10492
Apache server restarting...
2020] [mpm_winnt:notice] [pid 10492:tid 680] AH00354: Child: Starting 64 worker threads.
[Wed Aug 05 13:33:24.861762 2020] [mpm_winnt:notice] [pid 3228:tid 684] AH00424: Parent: Received restart signal -- Restarting the server.
[Wed Aug 05 13:33:25.870996 2020] [mpm_winnt:notice] [pid 3228:tid 684] AH00455: Apache/2.4.35 (Win64) OpenSSL/1.1.1b PHP/7.2.19 configured -- resuming normal operations
[Wed Aug 05 13:33:25.870996 2020] [mpm_winnt:notice] [pid 3228:tid 684] AH00456: Apache Lounge VC15 Server built: Sep 19 2018 16:08:47
[Wed Aug 05 13:33:25.870996 2020] [core:notice] [pid 3228:tid 684] AH00094: Command line: 'C:\\laragon\\bin\\apache\\httpd-2.4.35-win64-VC15\\bin\\httpd -d C:/laragon/bin/apache/httpd-2.4.35-win64-VC15'
[Wed Aug 05 13:33:25.874955 2020] [mpm_winnt:notice] [pid 3228:tid 684] AH00418: Parent: Created child process 12272
Apache server restarting...
2020] [mpm_winnt:notice] [pid 10492:tid 680] AH00364: Child: All worker threads have exited.
[Wed Aug 05 13:33:26.985998 2020] [mpm_winnt:notice] [pid 12272:tid 660] AH00354: Child: Starting 64 worker threads.
[Wed Aug 05 13:51:50.397644 2020] [mpm_winnt:notice] [pid 3228:tid 684] AH00424: Parent: Received restart signal -- Restarting the server.
Apache server restarting...
[Wed Aug 05 13:51:50.942610 2020] [mpm_winnt:notice] [pid 3228:tid 684] AH00455: Apache/2.4.35 (Win64) OpenSSL/1.1.1b PHP/7.2.19 configured -- resuming normal operations
[Wed Aug 05 13:51:50.942610 2020] [mpm_winnt:notice] [pid 3228:tid 684] AH00456: Apache Lounge VC15 Server built: Sep 19 2018 16:08:47
[Wed Aug 05 13:51:50.942610 2020] [core:notice] [pid 3228:tid 684] AH00094: Command line: 'C:\\laragon\\bin\\apache\\httpd-2.4.35-win64-VC15\\bin\\httpd -d C:/laragon/bin/apache/httpd-2.4.35-win64-VC15'
[Wed Aug 05 13:51:50.945623 2020] [mpm_winnt:notice] [pid 3228:tid 684] AH00418: Parent: Created child process 9184
[Wed Aug 05 13:51:51.457115 2020] [mpm_winnt:notice] [pid 3228:tid 684] AH00424: Parent: Received restart signal -- Restarting the server.
[Wed Aug 05 13:51:51.457115 2020] [core:error] [pid 3228:tid 684] AH00546: no record of generation 1 of exiting child 9184
[Wed Aug 05 13:51:51.458115 2020] [mpm_winnt:notice] [pid 9184:tid 604] AH00354: Child: Starting 64 worker threads.
[Wed Aug 05 13:51:51.461132 2020] [mpm_winnt:error] [pid 9184:tid 1136] (OS 10038)Se intentó realizar una operación en un elemento que no es un socket.  : AH00332: winnt_accept: getsockname error on listening socket, is IPv6 available?
[Wed Aug 05 13:51:51.461132 2020] [mpm_winnt:error] [pid 9184:tid 624] (OS 10038)Se intentó realizar una operación en un elemento que no es un socket.  : AH00332: winnt_accept: getsockname error on listening socket, is IPv6 available?
[Wed Aug 05 13:51:51.462116 2020] [mpm_winnt:error] [pid 9184:tid 1144] (OS 10038)Se intentó realizar una operación en un elemento que no es un socket.  : AH00332: winnt_accept: getsockname error on listening socket, is IPv6 available?
[Wed Aug 05 13:51:51.462116 2020] [mpm_winnt:error] [pid 9184:tid 1148] (OS 10038)Se intentó realizar una operación en un elemento que no es un socket.  : AH00332: winnt_accept: getsockname error on listening socket, is IPv6 available?
[Wed Aug 05 13:51:51.532657 2020] [mpm_winnt:notice] [pid 3228:tid 684] AH00455: Apache/2.4.35 (Win64) OpenSSL/1.1.1b PHP/7.2.19 configured -- resuming normal operations
[Wed Aug 05 13:51:51.532657 2020] [mpm_winnt:notice] [pid 3228:tid 684] AH00456: Apache Lounge VC15 Server built: Sep 19 2018 16:08:47
[Wed Aug 05 13:51:51.532657 2020] [core:notice] [pid 3228:tid 684] AH00094: Command line: 'C:\\laragon\\bin\\apache\\httpd-2.4.35-win64-VC15\\bin\\httpd -d C:/laragon/bin/apache/httpd-2.4.35-win64-VC15'
[Wed Aug 05 13:51:51.537643 2020] [mpm_winnt:notice] [pid 3228:tid 684] AH00418: Parent: Created child process 13236
Apache server restarting...
2020] [mpm_winnt:notice] [pid 12272:tid 660] AH00364: Child: All worker threads have exited.
[Wed Aug 05 13:51:52.529847 2020] [mpm_winnt:notice] [pid 13236:tid 624] AH00354: Child: Starting 64 worker threads.
[Wed Aug 05 13:51:53.483753 2020] [mpm_winnt:notice] [pid 9184:tid 604] AH00364: Child: All worker threads have exited.
[Wed Aug 05 14:02:02.644343 2020] [mpm_winnt:notice] [pid 3228:tid 684] AH00424: Parent: Received restart signal -- Restarting the server.
[Wed Aug 05 14:02:02.713353 2020] [mpm_winnt:notice] [pid 3228:tid 684] AH00455: Apache/2.4.35 (Win64) OpenSSL/1.1.1b PHP/7.2.19 configured -- resuming normal operations
[Wed Aug 05 14:02:02.713353 2020] [mpm_winnt:notice] [pid 3228:tid 684] AH00456: Apache Lounge VC15 Server built: Sep 19 2018 16:08:47
[Wed Aug 05 14:02:02.713353 2020] [core:notice] [pid 3228:tid 684] AH00094: Command line: 'C:\\laragon\\bin\\apache\\httpd-2.4.35-win64-VC15\\bin\\httpd -d C:/laragon/bin/apache/httpd-2.4.35-win64-VC15'
[Wed Aug 05 14:02:02.718309 2020] [mpm_winnt:notice] [pid 3228:tid 684] AH00418: Parent: Created child process 5360
Apache server restarting...
2020] [mpm_winnt:notice] [pid 5360:tid 616] AH00354: Child: Starting 64 worker threads.
[Wed Aug 05 14:02:04.656096 2020] [mpm_winnt:notice] [pid 13236:tid 624] AH00364: Child: All worker threads have exited.
[Wed Aug 05 14:03:49.786297 2020] [mpm_winnt:notice] [pid 3228:tid 684] AH00424: Parent: Received restart signal -- Restarting the server.
[Wed Aug 05 14:03:49.853297 2020] [mpm_winnt:notice] [pid 3228:tid 684] AH00455: Apache/2.4.35 (Win64) OpenSSL/1.1.1b PHP/7.2.19 configured -- resuming normal operations
[Wed Aug 05 14:03:49.853297 2020] [mpm_winnt:notice] [pid 3228:tid 684] AH00456: Apache Lounge VC15 Server built: Sep 19 2018 16:08:47
[Wed Aug 05 14:03:49.853297 2020] [core:notice] [pid 3228:tid 684] AH00094: Command line: 'C:\\laragon\\bin\\apache\\httpd-2.4.35-win64-VC15\\bin\\httpd -d C:/laragon/bin/apache/httpd-2.4.35-win64-VC15'
[Wed Aug 05 14:03:49.857297 2020] [mpm_winnt:notice] [pid 3228:tid 684] AH00418: Parent: Created child process 5916
Apache server interrupted...
020] [mpm_winnt:notice] [pid 5916:tid 556] AH00354: Child: Starting 64 worker threads.
[Wed Aug 05 14:03:51.809529 2020] [mpm_winnt:notice] [pid 5360:tid 616] AH00364: Child: All worker threads have exited.
[Wed Aug 05 14:04:18.385271 2020] [mpm_winnt:notice] [pid 3228:tid 684] AH00422: Parent: Received shutdown signal -- Shutting down the server.
[Wed Aug 05 14:04:20.405382 2020] [mpm_winnt:notice] [pid 5916:tid 556] AH00364: Child: All worker threads have exited.
AH00112: Warning: DocumentRoot [C:/laragon/www/test/web/web] does not exist
[Wed Aug 05 14:07:57.920938 2020] [core:warn] [pid 5988:tid 504] AH00098: pid file C:/laragon/bin/apache/httpd-2.4.35-win64-VC15/logs/httpd.pid overwritten -- Unclean shutdown of previous Apache run?
[Wed Aug 05 14:07:57.936987 2020] [mpm_winnt:notice] [pid 5988:tid 504] AH00455: Apache/2.4.35 (Win64) OpenSSL/1.1.1b PHP/7.2.19 configured -- resuming normal operations
[Wed Aug 05 14:07:57.936987 2020] [mpm_winnt:notice] [pid 5988:tid 504] AH00456: Apache Lounge VC15 Server built: Sep 19 2018 16:08:47
[Wed Aug 05 14:07:57.936987 2020] [core:notice] [pid 5988:tid 504] AH00094: Command line: 'C:\\laragon\\bin\\apache\\httpd-2.4.35-win64-VC15\\bin\\httpd -d C:/laragon/bin/apache/httpd-2.4.35-win64-VC15'
[Wed Aug 05 14:07:57.939936 2020] [mpm_winnt:notice] [pid 5988:tid 504] AH00418: Parent: Created child process 11184
AH00112: Warning: DocumentRoot [C:/laragon/www/test/web/web] does not exist
Apache server restarting...
ot [C:/laragon/www/test/web/web] does not exist
[Wed Aug 05 14:07:58.380138 2020] [mpm_winnt:notice] [pid 11184:tid 632] AH00354: Child: Starting 64 worker threads.
[Wed Aug 05 14:09:12.464348 2020] [mpm_winnt:notice] [pid 5988:tid 504] AH00424: Parent: Received restart signal -- Restarting the server.
AH00112: Warning: DocumentRoot [C:/laragon/www/test/web/web] does not exist
[Wed Aug 05 14:09:12.524285 2020] [mpm_winnt:notice] [pid 5988:tid 504] AH00455: Apache/2.4.35 (Win64) OpenSSL/1.1.1b PHP/7.2.19 configured -- resuming normal operations
[Wed Aug 05 14:09:12.524285 2020] [mpm_winnt:notice] [pid 5988:tid 504] AH00456: Apache Lounge VC15 Server built: Sep 19 2018 16:08:47
[Wed Aug 05 14:09:12.524285 2020] [core:notice] [pid 5988:tid 504] AH00094: Command line: 'C:\\laragon\\bin\\apache\\httpd-2.4.35-win64-VC15\\bin\\httpd -d C:/laragon/bin/apache/httpd-2.4.35-win64-VC15'
[Wed Aug 05 14:09:12.527322 2020] [mpm_winnt:notice] [pid 5988:tid 504] AH00418: Parent: Created child process 8528
AH00112: Warning: DocumentRoot [C:/laragon/www/test/web/web] does not exist
Apache server restarting...
ot [C:/laragon/www/test/web/web] does not exist
[Wed Aug 05 14:09:13.465717 2020] [mpm_winnt:notice] [pid 8528:tid 620] AH00354: Child: Starting 64 worker threads.
[Wed Aug 05 14:09:14.478105 2020] [mpm_winnt:notice] [pid 11184:tid 632] AH00364: Child: All worker threads have exited.
[Wed Aug 05 14:09:29.905348 2020] [mpm_winnt:notice] [pid 5988:tid 504] AH00424: Parent: Received restart signal -- Restarting the server.
[Wed Aug 05 14:09:29.961206 2020] [mpm_winnt:notice] [pid 5988:tid 504] AH00455: Apache/2.4.35 (Win64) OpenSSL/1.1.1b PHP/7.2.19 configured -- resuming normal operations
[Wed Aug 05 14:09:29.961206 2020] [mpm_winnt:notice] [pid 5988:tid 504] AH00456: Apache Lounge VC15 Server built: Sep 19 2018 16:08:47
[Wed Aug 05 14:09:29.961206 2020] [core:notice] [pid 5988:tid 504] AH00094: Command line: 'C:\\laragon\\bin\\apache\\httpd-2.4.35-win64-VC15\\bin\\httpd -d C:/laragon/bin/apache/httpd-2.4.35-win64-VC15'
[Wed Aug 05 14:09:29.964205 2020] [mpm_winnt:notice] [pid 5988:tid 504] AH00418: Parent: Created child process 12852
Apache server restarting...
2020] [mpm_winnt:notice] [pid 12852:tid 596] AH00354: Child: Starting 64 worker threads.
[Wed Aug 05 14:09:31.922306 2020] [mpm_winnt:notice] [pid 8528:tid 620] AH00364: Child: All worker threads have exited.
[Wed Aug 05 14:09:36.061146 2020] [mpm_winnt:notice] [pid 5988:tid 504] AH00424: Parent: Received restart signal -- Restarting the server.
[Wed Aug 05 14:09:36.116191 2020] [mpm_winnt:notice] [pid 5988:tid 504] AH00455: Apache/2.4.35 (Win64) OpenSSL/1.1.1b PHP/7.2.19 configured -- resuming normal operations
[Wed Aug 05 14:09:36.116191 2020] [mpm_winnt:notice] [pid 5988:tid 504] AH00456: Apache Lounge VC15 Server built: Sep 19 2018 16:08:47
[Wed Aug 05 14:09:36.116191 2020] [core:notice] [pid 5988:tid 504] AH00094: Command line: 'C:\\laragon\\bin\\apache\\httpd-2.4.35-win64-VC15\\bin\\httpd -d C:/laragon/bin/apache/httpd-2.4.35-win64-VC15'
[Wed Aug 05 14:09:36.118142 2020] [mpm_winnt:notice] [pid 5988:tid 504] AH00418: Parent: Created child process 10160
Apache server interrupted...
020] [mpm_winnt:notice] [pid 10160:tid 636] AH00354: Child: Starting 64 worker threads.
[Wed Aug 05 14:09:38.076646 2020] [mpm_winnt:notice] [pid 12852:tid 596] AH00364: Child: All worker threads have exited.
[Wed Aug 05 14:10:46.400618 2020] [mpm_winnt:notice] [pid 5988:tid 504] AH00422: Parent: Received shutdown signal -- Shutting down the server.
[Wed Aug 05 14:10:48.409598 2020] [mpm_winnt:notice] [pid 10160:tid 636] AH00364: Child: All worker threads have exited.
[Wed Aug 05 14:10:50.590036 2020] [core:warn] [pid 12372:tid 504] AH00098: pid file C:/laragon/bin/apache/httpd-2.4.35-win64-VC15/logs/httpd.pid overwritten -- Unclean shutdown of previous Apache run?
[Wed Aug 05 14:10:50.608729 2020] [mpm_winnt:notice] [pid 12372:tid 504] AH00455: Apache/2.4.35 (Win64) OpenSSL/1.1.1b PHP/7.2.19 configured -- resuming normal operations
[Wed Aug 05 14:10:50.608729 2020] [mpm_winnt:notice] [pid 12372:tid 504] AH00456: Apache Lounge VC15 Server built: Sep 19 2018 16:08:47
[Wed Aug 05 14:10:50.608729 2020] [core:notice] [pid 12372:tid 504] AH00094: Command line: 'C:\\laragon\\bin\\apache\\httpd-2.4.35-win64-VC15\\bin\\httpd -d C:/laragon/bin/apache/httpd-2.4.35-win64-VC15'
[Wed Aug 05 14:10:50.610759 2020] [mpm_winnt:notice] [pid 12372:tid 504] AH00418: Parent: Created child process 3212
Apache server restarting...
2020] [mpm_winnt:notice] [pid 3212:tid 464] AH00354: Child: Starting 64 worker threads.
[Wed Aug 05 14:11:30.040430 2020] [mpm_winnt:notice] [pid 12372:tid 504] AH00424: Parent: Received restart signal -- Restarting the server.
[Wed Aug 05 14:11:30.106429 2020] [mpm_winnt:notice] [pid 12372:tid 504] AH00455: Apache/2.4.35 (Win64) OpenSSL/1.1.1b PHP/7.2.19 configured -- resuming normal operations
[Wed Aug 05 14:11:30.106429 2020] [mpm_winnt:notice] [pid 12372:tid 504] AH00456: Apache Lounge VC15 Server built: Sep 19 2018 16:08:47
[Wed Aug 05 14:11:30.106429 2020] [core:notice] [pid 12372:tid 504] AH00094: Command line: 'C:\\laragon\\bin\\apache\\httpd-2.4.35-win64-VC15\\bin\\httpd -d C:/laragon/bin/apache/httpd-2.4.35-win64-VC15'
[Wed Aug 05 14:11:30.109433 2020] [mpm_winnt:notice] [pid 12372:tid 504] AH00418: Parent: Created child process 11564
Apache server restarting...
2020] [mpm_winnt:notice] [pid 11564:tid 672] AH00354: Child: Starting 64 worker threads.
[Wed Aug 05 14:11:32.052698 2020] [mpm_winnt:notice] [pid 3212:tid 464] AH00364: Child: All worker threads have exited.
[Wed Aug 05 14:15:16.050795 2020] [mpm_winnt:notice] [pid 12372:tid 504] AH00424: Parent: Received restart signal -- Restarting the server.
[Wed Aug 05 14:15:16.110866 2020] [mpm_winnt:notice] [pid 12372:tid 504] AH00455: Apache/2.4.35 (Win64) OpenSSL/1.1.1b PHP/7.2.19 configured -- resuming normal operations
[Wed Aug 05 14:15:16.110866 2020] [mpm_winnt:notice] [pid 12372:tid 504] AH00456: Apache Lounge VC15 Server built: Sep 19 2018 16:08:47
[Wed Aug 05 14:15:16.110866 2020] [core:notice] [pid 12372:tid 504] AH00094: Command line: 'C:\\laragon\\bin\\apache\\httpd-2.4.35-win64-VC15\\bin\\httpd -d C:/laragon/bin/apache/httpd-2.4.35-win64-VC15'
[Wed Aug 05 14:15:16.112865 2020] [mpm_winnt:notice] [pid 12372:tid 504] AH00418: Parent: Created child process 11748
Apache server interrupted...
020] [mpm_winnt:notice] [pid 11748:tid 652] AH00354: Child: Starting 64 worker threads.
[Wed Aug 05 14:15:18.063272 2020] [mpm_winnt:notice] [pid 11564:tid 672] AH00364: Child: All worker threads have exited.
[Wed Aug 05 14:15:27.763254 2020] [mpm_winnt:notice] [pid 12372:tid 504] AH00422: Parent: Received shutdown signal -- Shutting down the server.
[Wed Aug 05 14:15:29.777984 2020] [mpm_winnt:notice] [pid 11748:tid 652] AH00364: Child: All worker threads have exited.
[Wed Aug 05 14:15:38.557844 2020] [core:warn] [pid 10656:tid 504] AH00098: pid file C:/laragon/bin/apache/httpd-2.4.35-win64-VC15/logs/httpd.pid overwritten -- Unclean shutdown of previous Apache run?
[Wed Aug 05 14:15:38.579089 2020] [mpm_winnt:notice] [pid 10656:tid 504] AH00455: Apache/2.4.35 (Win64) OpenSSL/1.1.1b PHP/7.2.19 configured -- resuming normal operations
[Wed Aug 05 14:15:38.579089 2020] [mpm_winnt:notice] [pid 10656:tid 504] AH00456: Apache Lounge VC15 Server built: Sep 19 2018 16:08:47
[Wed Aug 05 14:15:38.579089 2020] [core:notice] [pid 10656:tid 504] AH00094: Command line: 'C:\\laragon\\bin\\apache\\httpd-2.4.35-win64-VC15\\bin\\httpd -d C:/laragon/bin/apache/httpd-2.4.35-win64-VC15'
[Wed Aug 05 14:15:38.582089 2020] [mpm_winnt:notice] [pid 10656:tid 504] AH00418: Parent: Created child process 12272
Apache server interrupted...
020] [mpm_winnt:notice] [pid 12272:tid 652] AH00354: Child: Starting 64 worker threads.
[Wed Aug 05 14:22:43.393731 2020] [mpm_winnt:notice] [pid 10656:tid 504] AH00422: Parent: Received shutdown signal -- Shutting down the server.
[Wed Aug 05 14:22:45.411660 2020] [mpm_winnt:notice] [pid 12272:tid 652] AH00364: Child: All worker threads have exited.
[Wed Aug 05 14:22:49.533548 2020] [core:warn] [pid 12396:tid 556] AH00098: pid file C:/laragon/bin/apache/httpd-2.4.35-win64-VC15/logs/httpd.pid overwritten -- Unclean shutdown of previous Apache run?
[Wed Aug 05 14:22:49.558498 2020] [mpm_winnt:notice] [pid 12396:tid 556] AH00455: Apache/2.4.35 (Win64) OpenSSL/1.1.1g PHP/7.3.21 configured -- resuming normal operations
[Wed Aug 05 14:22:49.559498 2020] [mpm_winnt:notice] [pid 12396:tid 556] AH00456: Apache Lounge VC15 Server built: Sep 19 2018 16:08:47
[Wed Aug 05 14:22:49.559498 2020] [core:notice] [pid 12396:tid 556] AH00094: Command line: 'C:\\laragon\\bin\\apache\\httpd-2.4.35-win64-VC15\\bin\\httpd -d C:/laragon/bin/apache/httpd-2.4.35-win64-VC15'
[Wed Aug 05 14:22:49.562500 2020] [mpm_winnt:notice] [pid 12396:tid 556] AH00418: Parent: Created child process 10328
Apache server interrupted...
020] [mpm_winnt:notice] [pid 10328:tid 660] AH00354: Child: Starting 64 worker threads.
[Wed Aug 05 14:23:01.052966 2020] [mpm_winnt:notice] [pid 12396:tid 556] AH00422: Parent: Received shutdown signal -- Shutting down the server.
[Wed Aug 05 14:23:03.070399 2020] [mpm_winnt:notice] [pid 10328:tid 660] AH00364: Child: All worker threads have exited.
[Wed Aug 05 14:23:19.011247 2020] [core:warn] [pid 1716:tid 520] AH00098: pid file C:/laragon/bin/apache/httpd-2.4.35-win64-VC15/logs/httpd.pid overwritten -- Unclean shutdown of previous Apache run?
[Wed Aug 05 14:23:19.024295 2020] [mpm_winnt:notice] [pid 1716:tid 520] AH00455: Apache/2.4.35 (Win64) OpenSSL/1.1.1g PHP/7.3.21 configured -- resuming normal operations
[Wed Aug 05 14:23:19.024295 2020] [mpm_winnt:notice] [pid 1716:tid 520] AH00456: Apache Lounge VC15 Server built: Sep 19 2018 16:08:47
[Wed Aug 05 14:23:19.024295 2020] [core:notice] [pid 1716:tid 520] AH00094: Command line: 'C:\\laragon\\bin\\apache\\httpd-2.4.35-win64-VC15\\bin\\httpd -d C:/laragon/bin/apache/httpd-2.4.35-win64-VC15'
[Wed Aug 05 14:23:19.027363 2020] [mpm_winnt:notice] [pid 1716:tid 520] AH00418: Parent: Created child process 10624
[Wed Aug 05 14:23:19.335913 2020] [mpm_winnt:notice] [pid 10624:tid 608] AH00354: Child: Starting 64 worker threads.
[Wed Aug 05 14:24:22.647396 2020] [core:warn] [pid 11152:tid 468] AH00098: pid file C:/laragon/bin/apache/httpd-2.4.35-win64-VC15/logs/httpd.pid overwritten -- Unclean shutdown of previous Apache run?
[Wed Aug 05 14:24:22.673720 2020] [mpm_winnt:notice] [pid 11152:tid 468] AH00455: Apache/2.4.35 (Win64) OpenSSL/1.1.1g PHP/7.3.21 configured -- resuming normal operations
[Wed Aug 05 14:24:22.673720 2020] [mpm_winnt:notice] [pid 11152:tid 468] AH00456: Apache Lounge VC15 Server built: Sep 19 2018 16:08:47
[Wed Aug 05 14:24:22.673720 2020] [core:notice] [pid 11152:tid 468] AH00094: Command line: 'C:\\laragon\\bin\\apache\\httpd-2.4.35-win64-VC15\\bin\\httpd -d C:/laragon/bin/apache/httpd-2.4.35-win64-VC15'
[Wed Aug 05 14:24:22.676757 2020] [mpm_winnt:notice] [pid 11152:tid 468] AH00418: Parent: Created child process 8604
Apache server restarting...
2020] [mpm_winnt:notice] [pid 8604:tid 628] AH00354: Child: Starting 64 worker threads.
[Wed Aug 05 14:25:09.267507 2020] [mpm_winnt:notice] [pid 11152:tid 468] AH00424: Parent: Received restart signal -- Restarting the server.
[Wed Aug 05 14:25:09.315237 2020] [mpm_winnt:notice] [pid 11152:tid 468] AH00455: Apache/2.4.35 (Win64) OpenSSL/1.1.1g PHP/7.3.21 configured -- resuming normal operations
[Wed Aug 05 14:25:09.315237 2020] [mpm_winnt:notice] [pid 11152:tid 468] AH00456: Apache Lounge VC15 Server built: Sep 19 2018 16:08:47
[Wed Aug 05 14:25:09.315237 2020] [core:notice] [pid 11152:tid 468] AH00094: Command line: 'C:\\laragon\\bin\\apache\\httpd-2.4.35-win64-VC15\\bin\\httpd -d C:/laragon/bin/apache/httpd-2.4.35-win64-VC15'
[Wed Aug 05 14:25:09.319260 2020] [mpm_winnt:notice] [pid 11152:tid 468] AH00418: Parent: Created child process 11104
Apache server restarting...
2020] [mpm_winnt:notice] [pid 11104:tid 652] AH00354: Child: Starting 64 worker threads.
[Wed Aug 05 14:25:11.278775 2020] [mpm_winnt:notice] [pid 8604:tid 628] AH00364: Child: All worker threads have exited.
[Wed Aug 05 15:19:26.524093 2020] [mpm_winnt:notice] [pid 11152:tid 468] AH00424: Parent: Received restart signal -- Restarting the server.
[Wed Aug 05 15:19:26.589845 2020] [mpm_winnt:notice] [pid 11152:tid 468] AH00455: Apache/2.4.35 (Win64) OpenSSL/1.1.1g PHP/7.3.21 configured -- resuming normal operations
[Wed Aug 05 15:19:26.589845 2020] [mpm_winnt:notice] [pid 11152:tid 468] AH00456: Apache Lounge VC15 Server built: Sep 19 2018 16:08:47
[Wed Aug 05 15:19:26.589845 2020] [core:notice] [pid 11152:tid 468] AH00094: Command line: 'C:\\laragon\\bin\\apache\\httpd-2.4.35-win64-VC15\\bin\\httpd -d C:/laragon/bin/apache/httpd-2.4.35-win64-VC15'
[Wed Aug 05 15:19:26.592833 2020] [mpm_winnt:notice] [pid 11152:tid 468] AH00418: Parent: Created child process 2020
Apache server restarting...
2020] [mpm_winnt:notice] [pid 2020:tid 676] AH00354: Child: Starting 64 worker threads.
[Wed Aug 05 15:19:28.537061 2020] [mpm_winnt:notice] [pid 11104:tid 652] AH00364: Child: All worker threads have exited.
[Wed Aug 05 15:20:09.066855 2020] [mpm_winnt:notice] [pid 11152:tid 468] AH00424: Parent: Received restart signal -- Restarting the server.
[Wed Aug 05 15:20:09.116863 2020] [mpm_winnt:notice] [pid 11152:tid 468] AH00455: Apache/2.4.35 (Win64) OpenSSL/1.1.1g PHP/7.3.21 configured -- resuming normal operations
[Wed Aug 05 15:20:09.116863 2020] [mpm_winnt:notice] [pid 11152:tid 468] AH00456: Apache Lounge VC15 Server built: Sep 19 2018 16:08:47
[Wed Aug 05 15:20:09.116863 2020] [core:notice] [pid 11152:tid 468] AH00094: Command line: 'C:\\laragon\\bin\\apache\\httpd-2.4.35-win64-VC15\\bin\\httpd -d C:/laragon/bin/apache/httpd-2.4.35-win64-VC15'
[Wed Aug 05 15:20:09.119861 2020] [mpm_winnt:notice] [pid 11152:tid 468] AH00418: Parent: Created child process 11008
Apache server restarting...
2020] [mpm_winnt:notice] [pid 11008:tid 660] AH00354: Child: Starting 64 worker threads.
[Wed Aug 05 15:20:11.085678 2020] [mpm_winnt:notice] [pid 2020:tid 676] AH00364: Child: All worker threads have exited.
[Wed Aug 05 15:23:34.977231 2020] [mpm_winnt:notice] [pid 11152:tid 468] AH00424: Parent: Received restart signal -- Restarting the server.
[Wed Aug 05 15:23:35.085836 2020] [mpm_winnt:notice] [pid 11152:tid 468] AH00455: Apache/2.4.35 (Win64) OpenSSL/1.1.1g PHP/7.3.21 configured -- resuming normal operations
[Wed Aug 05 15:23:35.085836 2020] [mpm_winnt:notice] [pid 11152:tid 468] AH00456: Apache Lounge VC15 Server built: Sep 19 2018 16:08:47
[Wed Aug 05 15:23:35.085836 2020] [core:notice] [pid 11152:tid 468] AH00094: Command line: 'C:\\laragon\\bin\\apache\\httpd-2.4.35-win64-VC15\\bin\\httpd -d C:/laragon/bin/apache/httpd-2.4.35-win64-VC15'
[Wed Aug 05 15:23:35.091834 2020] [mpm_winnt:notice] [pid 11152:tid 468] AH00418: Parent: Created child process 4312
Apache server restarting...
2020] [mpm_winnt:notice] [pid 4312:tid 640] AH00354: Child: Starting 64 worker threads.
[Wed Aug 05 15:23:36.999871 2020] [mpm_winnt:notice] [pid 11008:tid 660] AH00364: Child: All worker threads have exited.
[Wed Aug 05 15:26:36.816743 2020] [mpm_winnt:notice] [pid 11152:tid 468] AH00424: Parent: Received restart signal -- Restarting the server.
AH00112: Warning: DocumentRoot [C:/laragon/www/druparcheky/web/web] does not exist
[Wed Aug 05 15:26:36.915663 2020] [mpm_winnt:notice] [pid 11152:tid 468] AH00455: Apache/2.4.35 (Win64) OpenSSL/1.1.1g PHP/7.3.21 configured -- resuming normal operations
[Wed Aug 05 15:26:36.915663 2020] [mpm_winnt:notice] [pid 11152:tid 468] AH00456: Apache Lounge VC15 Server built: Sep 19 2018 16:08:47
[Wed Aug 05 15:26:36.915663 2020] [core:notice] [pid 11152:tid 468] AH00094: Command line: 'C:\\laragon\\bin\\apache\\httpd-2.4.35-win64-VC15\\bin\\httpd -d C:/laragon/bin/apache/httpd-2.4.35-win64-VC15'
[Wed Aug 05 15:26:36.919661 2020] [mpm_winnt:notice] [pid 11152:tid 468] AH00418: Parent: Created child process 13096
AH00112: Warning: DocumentRoot [C:/laragon/www/druparcheky/web/web] does not exist
Apache server restarting...
ot [C:/laragon/www/druparcheky/web/web] does not exist
[Wed Aug 05 15:26:37.828903 2020] [mpm_winnt:notice] [pid 13096:tid 640] AH00354: Child: Starting 64 worker threads.
[Wed Aug 05 15:26:38.838000 2020] [mpm_winnt:notice] [pid 4312:tid 640] AH00364: Child: All worker threads have exited.
[Wed Aug 05 15:27:11.488444 2020] [mpm_winnt:notice] [pid 11152:tid 468] AH00424: Parent: Received restart signal -- Restarting the server.
AH00112: Warning: DocumentRoot [C:/laragon/www/druparcheky/web/web] does not exist
[Wed Aug 05 15:27:11.582397 2020] [mpm_winnt:notice] [pid 11152:tid 468] AH00455: Apache/2.4.35 (Win64) OpenSSL/1.1.1g PHP/7.3.21 configured -- resuming normal operations
[Wed Aug 05 15:27:11.582397 2020] [mpm_winnt:notice] [pid 11152:tid 468] AH00456: Apache Lounge VC15 Server built: Sep 19 2018 16:08:47
[Wed Aug 05 15:27:11.582397 2020] [core:notice] [pid 11152:tid 468] AH00094: Command line: 'C:\\laragon\\bin\\apache\\httpd-2.4.35-win64-VC15\\bin\\httpd -d C:/laragon/bin/apache/httpd-2.4.35-win64-VC15'
[Wed Aug 05 15:27:11.585447 2020] [mpm_winnt:notice] [pid 11152:tid 468] AH00418: Parent: Created child process 11900
AH00112: Warning: DocumentRoot [C:/laragon/www/druparcheky/web/web] does not exist
Apache server restarting...
ot [C:/laragon/www/druparcheky/web/web] does not exist
[Wed Aug 05 15:27:12.504264 2020] [mpm_winnt:notice] [pid 11900:tid 704] AH00354: Child: Starting 64 worker threads.
[Wed Aug 05 15:27:13.515694 2020] [mpm_winnt:notice] [pid 13096:tid 640] AH00364: Child: All worker threads have exited.
[Wed Aug 05 15:27:29.319485 2020] [mpm_winnt:notice] [pid 11152:tid 468] AH00424: Parent: Received restart signal -- Restarting the server.
[Wed Aug 05 15:27:29.365498 2020] [mpm_winnt:notice] [pid 11152:tid 468] AH00455: Apache/2.4.35 (Win64) OpenSSL/1.1.1g PHP/7.3.21 configured -- resuming normal operations
[Wed Aug 05 15:27:29.365498 2020] [mpm_winnt:notice] [pid 11152:tid 468] AH00456: Apache Lounge VC15 Server built: Sep 19 2018 16:08:47
[Wed Aug 05 15:27:29.365498 2020] [core:notice] [pid 11152:tid 468] AH00094: Command line: 'C:\\laragon\\bin\\apache\\httpd-2.4.35-win64-VC15\\bin\\httpd -d C:/laragon/bin/apache/httpd-2.4.35-win64-VC15'
[Wed Aug 05 15:27:29.370510 2020] [mpm_winnt:notice] [pid 11152:tid 468] AH00418: Parent: Created child process 3684
Apache server restarting...
2020] [mpm_winnt:notice] [pid 3684:tid 660] AH00354: Child: Starting 64 worker threads.
[Wed Aug 05 15:27:30.725297 2020] [mpm_winnt:notice] [pid 11152:tid 468] AH00424: Parent: Received restart signal -- Restarting the server.
[Wed Aug 05 15:27:30.770347 2020] [mpm_winnt:notice] [pid 11152:tid 468] AH00455: Apache/2.4.35 (Win64) OpenSSL/1.1.1g PHP/7.3.21 configured -- resuming normal operations
[Wed Aug 05 15:27:30.770347 2020] [mpm_winnt:notice] [pid 11152:tid 468] AH00456: Apache Lounge VC15 Server built: Sep 19 2018 16:08:47
[Wed Aug 05 15:27:30.770347 2020] [core:notice] [pid 11152:tid 468] AH00094: Command line: 'C:\\laragon\\bin\\apache\\httpd-2.4.35-win64-VC15\\bin\\httpd -d C:/laragon/bin/apache/httpd-2.4.35-win64-VC15'
[Wed Aug 05 15:27:30.772335 2020] [mpm_winnt:notice] [pid 11152:tid 468] AH00418: Parent: Created child process 13156
Apache server restarting...
2020] [mpm_winnt:notice] [pid 11900:tid 704] AH00364: Child: All worker threads have exited.
[Wed Aug 05 15:27:31.731750 2020] [mpm_winnt:notice] [pid 13156:tid 208] AH00354: Child: Starting 64 worker threads.
[Wed Aug 05 15:27:32.740988 2020] [mpm_winnt:notice] [pid 3684:tid 660] AH00364: Child: All worker threads have exited.
[Wed Aug 05 15:27:54.800685 2020] [mpm_winnt:notice] [pid 11152:tid 468] AH00424: Parent: Received restart signal -- Restarting the server.
[Wed Aug 05 15:27:54.841738 2020] [mpm_winnt:notice] [pid 11152:tid 468] AH00455: Apache/2.4.35 (Win64) OpenSSL/1.1.1g PHP/7.3.21 configured -- resuming normal operations
[Wed Aug 05 15:27:54.841738 2020] [mpm_winnt:notice] [pid 11152:tid 468] AH00456: Apache Lounge VC15 Server built: Sep 19 2018 16:08:47
[Wed Aug 05 15:27:54.841738 2020] [core:notice] [pid 11152:tid 468] AH00094: Command line: 'C:\\laragon\\bin\\apache\\httpd-2.4.35-win64-VC15\\bin\\httpd -d C:/laragon/bin/apache/httpd-2.4.35-win64-VC15'
[Wed Aug 05 15:27:54.844754 2020] [mpm_winnt:notice] [pid 11152:tid 468] AH00418: Parent: Created child process 4384
Apache server restarting...
2020] [mpm_winnt:notice] [pid 4384:tid 656] AH00354: Child: Starting 64 worker threads.
[Wed Aug 05 15:27:56.819526 2020] [mpm_winnt:notice] [pid 13156:tid 208] AH00364: Child: All worker threads have exited.
[Wed Aug 05 15:28:15.234635 2020] [mpm_winnt:notice] [pid 11152:tid 468] AH00424: Parent: Received restart signal -- Restarting the server.
[Wed Aug 05 15:28:15.277635 2020] [mpm_winnt:notice] [pid 11152:tid 468] AH00455: Apache/2.4.35 (Win64) OpenSSL/1.1.1g PHP/7.3.21 configured -- resuming normal operations
[Wed Aug 05 15:28:15.277635 2020] [mpm_winnt:notice] [pid 11152:tid 468] AH00456: Apache Lounge VC15 Server built: Sep 19 2018 16:08:47
[Wed Aug 05 15:28:15.277635 2020] [core:notice] [pid 11152:tid 468] AH00094: Command line: 'C:\\laragon\\bin\\apache\\httpd-2.4.35-win64-VC15\\bin\\httpd -d C:/laragon/bin/apache/httpd-2.4.35-win64-VC15'
[Wed Aug 05 15:28:15.280635 2020] [mpm_winnt:notice] [pid 11152:tid 468] AH00418: Parent: Created child process 10620
Apache server interrupted...
020] [mpm_winnt:notice] [pid 10620:tid 688] AH00354: Child: Starting 64 worker threads.
[Wed Aug 05 15:28:17.251934 2020] [mpm_winnt:notice] [pid 4384:tid 656] AH00364: Child: All worker threads have exited.
[Wed Aug 05 15:28:33.111763 2020] [mpm_winnt:notice] [pid 11152:tid 468] AH00422: Parent: Received shutdown signal -- Shutting down the server.
[Wed Aug 05 15:28:35.136181 2020] [mpm_winnt:notice] [pid 10620:tid 688] AH00364: Child: All worker threads have exited.
AH00112: Warning: DocumentRoot [C:/laragon/www/druparcheky/web/web] does not exist
AH00112: Warning: DocumentRoot [C:/laragon/www/test/web/web] does not exist
[Wed Aug 05 15:29:26.944431 2020] [core:warn] [pid 10756:tid 504] AH00098: pid file C:/laragon/bin/apache/httpd-2.4.35-win64-VC15/logs/httpd.pid overwritten -- Unclean shutdown of previous Apache run?
[Wed Aug 05 15:29:26.966524 2020] [mpm_winnt:notice] [pid 10756:tid 504] AH00455: Apache/2.4.35 (Win64) OpenSSL/1.1.1g PHP/7.3.21 configured -- resuming normal operations
[Wed Aug 05 15:29:26.966524 2020] [mpm_winnt:notice] [pid 10756:tid 504] AH00456: Apache Lounge VC15 Server built: Sep 19 2018 16:08:47
[Wed Aug 05 15:29:26.966524 2020] [core:notice] [pid 10756:tid 504] AH00094: Command line: 'C:\\laragon\\bin\\apache\\httpd-2.4.35-win64-VC15\\bin\\httpd -d C:/laragon/bin/apache/httpd-2.4.35-win64-VC15'
[Wed Aug 05 15:29:26.969523 2020] [mpm_winnt:notice] [pid 10756:tid 504] AH00418: Parent: Created child process 13016
AH00112: Warning: DocumentRoot [C:/laragon/www/druparcheky/web/web] does not exist
AH00112: Warning: DocumentRoot [C:/laragon/www/test/web/web] does not exist
Apache server restarting...
ot [C:/laragon/www/druparcheky/web/web] does not exist
AH00112: Warning: DocumentRoot [C:/laragon/www/test/web/web] does not exist
[Wed Aug 05 15:29:27.360046 2020] [mpm_winnt:notice] [pid 13016:tid 676] AH00354: Child: Starting 64 worker threads.
[Wed Aug 05 15:29:31.798253 2020] [mpm_winnt:notice] [pid 10756:tid 504] AH00424: Parent: Received restart signal -- Restarting the server.
AH00112: Warning: DocumentRoot [C:/laragon/www/druparcheky/web/web] does not exist
AH00112: Warning: DocumentRoot [C:/laragon/www/test/web/web] does not exist
[Wed Aug 05 15:29:31.838262 2020] [mpm_winnt:notice] [pid 10756:tid 504] AH00455: Apache/2.4.35 (Win64) OpenSSL/1.1.1g PHP/7.3.21 configured -- resuming normal operations
[Wed Aug 05 15:29:31.838262 2020] [mpm_winnt:notice] [pid 10756:tid 504] AH00456: Apache Lounge VC15 Server built: Sep 19 2018 16:08:47
[Wed Aug 05 15:29:31.838262 2020] [core:notice] [pid 10756:tid 504] AH00094: Command line: 'C:\\laragon\\bin\\apache\\httpd-2.4.35-win64-VC15\\bin\\httpd -d C:/laragon/bin/apache/httpd-2.4.35-win64-VC15'
[Wed Aug 05 15:29:31.841264 2020] [mpm_winnt:notice] [pid 10756:tid 504] AH00418: Parent: Created child process 1260
AH00112: Warning: DocumentRoot [C:/laragon/www/druparcheky/web/web] does not exist
AH00112: Warning: DocumentRoot [C:/laragon/www/test/web/web] does not exist
Apache server interrupted...
t [C:/laragon/www/druparcheky/web/web] does not exist
AH00112: Warning: DocumentRoot [C:/laragon/www/test/web/web] does not exist
[Wed Aug 05 15:29:32.799182 2020] [mpm_winnt:notice] [pid 1260:tid 672] AH00354: Child: Starting 64 worker threads.
[Wed Aug 05 15:29:33.807602 2020] [mpm_winnt:notice] [pid 13016:tid 676] AH00364: Child: All worker threads have exited.
[Wed Aug 05 15:29:53.160750 2020] [mpm_winnt:notice] [pid 10756:tid 504] AH00422: Parent: Received shutdown signal -- Shutting down the server.
[Wed Aug 05 15:29:55.185936 2020] [mpm_winnt:notice] [pid 1260:tid 672] AH00364: Child: All worker threads have exited.
[Wed Aug 05 15:34:36.152000 2020] [core:warn] [pid 10448:tid 488] AH00098: pid file C:/laragon/bin/apache/httpd-2.4.35-win64-VC15/logs/httpd.pid overwritten -- Unclean shutdown of previous Apache run?
[Wed Aug 05 15:34:36.174863 2020] [mpm_winnt:notice] [pid 10448:tid 488] AH00455: Apache/2.4.35 (Win64) OpenSSL/1.1.1g PHP/7.3.21 configured -- resuming normal operations
[Wed Aug 05 15:34:36.174863 2020] [mpm_winnt:notice] [pid 10448:tid 488] AH00456: Apache Lounge VC15 Server built: Sep 19 2018 16:08:47
[Wed Aug 05 15:34:36.174863 2020] [core:notice] [pid 10448:tid 488] AH00094: Command line: 'C:\\laragon\\bin\\apache\\httpd-2.4.35-win64-VC15\\bin\\httpd -d C:/laragon/bin/apache/httpd-2.4.35-win64-VC15'
[Wed Aug 05 15:34:36.178863 2020] [mpm_winnt:notice] [pid 10448:tid 488] AH00418: Parent: Created child process 1196
Apache server interrupted...
020] [mpm_winnt:notice] [pid 1196:tid 668] AH00354: Child: Starting 64 worker threads.
[Wed Aug 05 15:34:59.952658 2020] [mpm_winnt:notice] [pid 10448:tid 488] AH00422: Parent: Received shutdown signal -- Shutting down the server.
Apache server interrupted...
[Wed Aug 05 15:35:01.960724 2020] [mpm_winnt:notice] [pid 1196:tid 668] AH00364: Child: All worker threads have exited.
[Wed Aug 05 15:35:01.981875 2020] [mpm_winnt:notice] [pid 10448:tid 488] AH00430: Parent: Child process 1196 exited successfully.
[Wed Aug 05 15:35:09.489748 2020] [mpm_winnt:notice] [pid 12484:tid 648] AH00455: Apache/2.4.35 (Win64) OpenSSL/1.1.1g PHP/7.3.21 configured -- resuming normal operations
[Wed Aug 05 15:35:09.489748 2020] [mpm_winnt:notice] [pid 12484:tid 648] AH00456: Apache Lounge VC15 Server built: Sep 19 2018 16:08:47
[Wed Aug 05 15:35:09.489748 2020] [core:notice] [pid 12484:tid 648] AH00094: Command line: 'C:\\laragon\\bin\\apache\\httpd-2.4.35-win64-VC15\\bin\\httpd -d C:/laragon/bin/apache/httpd-2.4.35-win64-VC15'
[Wed Aug 05 15:35:09.492747 2020] [mpm_winnt:notice] [pid 12484:tid 648] AH00418: Parent: Created child process 10316
Apache server restarting...
2020] [mpm_winnt:notice] [pid 10316:tid 668] AH00354: Child: Starting 64 worker threads.
[Wed Aug 05 15:35:51.585356 2020] [mpm_winnt:notice] [pid 12484:tid 648] AH00424: Parent: Received restart signal -- Restarting the server.
[Wed Aug 05 15:35:51.625353 2020] [mpm_winnt:notice] [pid 12484:tid 648] AH00455: Apache/2.4.35 (Win64) OpenSSL/1.1.1g PHP/7.3.21 configured -- resuming normal operations
[Wed Aug 05 15:35:51.625353 2020] [mpm_winnt:notice] [pid 12484:tid 648] AH00456: Apache Lounge VC15 Server built: Sep 19 2018 16:08:47
[Wed Aug 05 15:35:51.625353 2020] [core:notice] [pid 12484:tid 648] AH00094: Command line: 'C:\\laragon\\bin\\apache\\httpd-2.4.35-win64-VC15\\bin\\httpd -d C:/laragon/bin/apache/httpd-2.4.35-win64-VC15'
[Wed Aug 05 15:35:51.627428 2020] [mpm_winnt:notice] [pid 12484:tid 648] AH00418: Parent: Created child process 13092
Apache server restarting...
2020] [mpm_winnt:notice] [pid 13092:tid 668] AH00354: Child: Starting 64 worker threads.
[Wed Aug 05 15:35:53.609033 2020] [mpm_winnt:notice] [pid 10316:tid 668] AH00364: Child: All worker threads have exited.
[Wed Aug 05 15:37:38.002823 2020] [mpm_winnt:notice] [pid 12484:tid 648] AH00424: Parent: Received restart signal -- Restarting the server.
AH00112: Warning: DocumentRoot [C:/laragon/www/druparcheky/web] does not exist
[Wed Aug 05 15:37:38.047822 2020] [mpm_winnt:notice] [pid 12484:tid 648] AH00455: Apache/2.4.35 (Win64) OpenSSL/1.1.1g PHP/7.3.21 configured -- resuming normal operations
[Wed Aug 05 15:37:38.047822 2020] [mpm_winnt:notice] [pid 12484:tid 648] AH00456: Apache Lounge VC15 Server built: Sep 19 2018 16:08:47
[Wed Aug 05 15:37:38.047822 2020] [core:notice] [pid 12484:tid 648] AH00094: Command line: 'C:\\laragon\\bin\\apache\\httpd-2.4.35-win64-VC15\\bin\\httpd -d C:/laragon/bin/apache/httpd-2.4.35-win64-VC15'
[Wed Aug 05 15:37:38.050822 2020] [mpm_winnt:notice] [pid 12484:tid 648] AH00418: Parent: Created child process 3184
AH00112: Warning: DocumentRoot [C:/laragon/www/druparcheky/web] does not exist
Apache server interrupted...
t [C:/laragon/www/druparcheky/web] does not exist
[Wed Aug 05 15:37:39.006046 2020] [mpm_winnt:notice] [pid 3184:tid 660] AH00354: Child: Starting 64 worker threads.
[Wed Aug 05 15:37:40.016796 2020] [mpm_winnt:notice] [pid 13092:tid 668] AH00364: Child: All worker threads have exited.
[Wed Aug 05 15:41:35.360277 2020] [mpm_winnt:notice] [pid 12484:tid 648] AH00422: Parent: Received shutdown signal -- Shutting down the server.
[Wed Aug 05 15:41:37.384507 2020] [mpm_winnt:notice] [pid 3184:tid 660] AH00364: Child: All worker threads have exited.
[Wed Aug 05 15:43:29.502724 2020] [core:warn] [pid 9568:tid 572] AH00098: pid file C:/laragon/bin/apache/httpd-2.4.35-win64-VC15/logs/httpd.pid overwritten -- Unclean shutdown of previous Apache run?
[Wed Aug 05 15:43:29.522577 2020] [mpm_winnt:notice] [pid 9568:tid 572] AH00455: Apache/2.4.35 (Win64) OpenSSL/1.1.1g PHP/7.3.21 configured -- resuming normal operations
[Wed Aug 05 15:43:29.522577 2020] [mpm_winnt:notice] [pid 9568:tid 572] AH00456: Apache Lounge VC15 Server built: Sep 19 2018 16:08:47
[Wed Aug 05 15:43:29.522577 2020] [core:notice] [pid 9568:tid 572] AH00094: Command line: 'C:\\laragon\\bin\\apache\\httpd-2.4.35-win64-VC15\\bin\\httpd -d C:/laragon/bin/apache/httpd-2.4.35-win64-VC15'
[Wed Aug 05 15:43:29.525578 2020] [mpm_winnt:notice] [pid 9568:tid 572] AH00418: Parent: Created child process 1160
Apache server restarting...
2020] [mpm_winnt:notice] [pid 1160:tid 660] AH00354: Child: Starting 64 worker threads.
[Wed Aug 05 15:45:53.527077 2020] [mpm_winnt:notice] [pid 9568:tid 572] AH00424: Parent: Received restart signal -- Restarting the server.
[Wed Aug 05 15:45:53.572084 2020] [mpm_winnt:notice] [pid 9568:tid 572] AH00455: Apache/2.4.35 (Win64) OpenSSL/1.1.1g PHP/7.3.21 configured -- resuming normal operations
[Wed Aug 05 15:45:53.572084 2020] [mpm_winnt:notice] [pid 9568:tid 572] AH00456: Apache Lounge VC15 Server built: Sep 19 2018 16:08:47
[Wed Aug 05 15:45:53.572084 2020] [core:notice] [pid 9568:tid 572] AH00094: Command line: 'C:\\laragon\\bin\\apache\\httpd-2.4.35-win64-VC15\\bin\\httpd -d C:/laragon/bin/apache/httpd-2.4.35-win64-VC15'
[Wed Aug 05 15:45:53.575081 2020] [mpm_winnt:notice] [pid 9568:tid 572] AH00418: Parent: Created child process 12880
Apache server restarting...
2020] [mpm_winnt:notice] [pid 12880:tid 664] AH00354: Child: Starting 64 worker threads.
[Wed Aug 05 15:45:55.541834 2020] [mpm_winnt:notice] [pid 1160:tid 660] AH00364: Child: All worker threads have exited.
[Wed Aug 05 15:46:14.100068 2020] [mpm_winnt:notice] [pid 9568:tid 572] AH00424: Parent: Received restart signal -- Restarting the server.
AH00112: Warning: DocumentRoot [C:/laragon/www/testdruparcheky/web] does not exist
[Wed Aug 05 15:46:14.153943 2020] [mpm_winnt:notice] [pid 9568:tid 572] AH00455: Apache/2.4.35 (Win64) OpenSSL/1.1.1g PHP/7.3.21 configured -- resuming normal operations
[Wed Aug 05 15:46:14.153943 2020] [mpm_winnt:notice] [pid 9568:tid 572] AH00456: Apache Lounge VC15 Server built: Sep 19 2018 16:08:47
[Wed Aug 05 15:46:14.153943 2020] [core:notice] [pid 9568:tid 572] AH00094: Command line: 'C:\\laragon\\bin\\apache\\httpd-2.4.35-win64-VC15\\bin\\httpd -d C:/laragon/bin/apache/httpd-2.4.35-win64-VC15'
[Wed Aug 05 15:46:14.156943 2020] [mpm_winnt:notice] [pid 9568:tid 572] AH00418: Parent: Created child process 10864
AH00112: Warning: DocumentRoot [C:/laragon/www/testdruparcheky/web] does not exist
Apache server restarting...
ot [C:/laragon/www/testdruparcheky/web] does not exist
[Wed Aug 05 15:46:15.111314 2020] [mpm_winnt:notice] [pid 10864:tid 660] AH00354: Child: Starting 64 worker threads.
[Wed Aug 05 15:46:16.116684 2020] [mpm_winnt:notice] [pid 12880:tid 664] AH00364: Child: All worker threads have exited.
[Wed Aug 05 15:46:22.555075 2020] [mpm_winnt:notice] [pid 9568:tid 572] AH00424: Parent: Received restart signal -- Restarting the server.
AH00112: Warning: DocumentRoot [C:/laragon/www/testdruparcheky/web] does not exist
[Wed Aug 05 15:46:22.600106 2020] [mpm_winnt:notice] [pid 9568:tid 572] AH00455: Apache/2.4.35 (Win64) OpenSSL/1.1.1g PHP/7.3.21 configured -- resuming normal operations
[Wed Aug 05 15:46:22.600106 2020] [mpm_winnt:notice] [pid 9568:tid 572] AH00456: Apache Lounge VC15 Server built: Sep 19 2018 16:08:47
[Wed Aug 05 15:46:22.600106 2020] [core:notice] [pid 9568:tid 572] AH00094: Command line: 'C:\\laragon\\bin\\apache\\httpd-2.4.35-win64-VC15\\bin\\httpd -d C:/laragon/bin/apache/httpd-2.4.35-win64-VC15'
[Wed Aug 05 15:46:22.603182 2020] [mpm_winnt:notice] [pid 9568:tid 572] AH00418: Parent: Created child process 4960
AH00112: Warning: DocumentRoot [C:/laragon/www/testdruparcheky/web] does not exist
Apache server restarting...
ot [C:/laragon/www/testdruparcheky/web] does not exist
[Wed Aug 05 15:46:23.555337 2020] [mpm_winnt:notice] [pid 4960:tid 676] AH00354: Child: Starting 64 worker threads.
[Wed Aug 05 15:46:24.562991 2020] [mpm_winnt:notice] [pid 10864:tid 660] AH00364: Child: All worker threads have exited.
[Wed Aug 05 15:48:57.933769 2020] [mpm_winnt:notice] [pid 9568:tid 572] AH00424: Parent: Received restart signal -- Restarting the server.
AH00112: Warning: DocumentRoot [C:/laragon/www/test2/web] does not exist
[Wed Aug 05 15:48:57.979770 2020] [mpm_winnt:notice] [pid 9568:tid 572] AH00455: Apache/2.4.35 (Win64) OpenSSL/1.1.1g PHP/7.3.21 configured -- resuming normal operations
[Wed Aug 05 15:48:57.979770 2020] [mpm_winnt:notice] [pid 9568:tid 572] AH00456: Apache Lounge VC15 Server built: Sep 19 2018 16:08:47
[Wed Aug 05 15:48:57.979770 2020] [core:notice] [pid 9568:tid 572] AH00094: Command line: 'C:\\laragon\\bin\\apache\\httpd-2.4.35-win64-VC15\\bin\\httpd -d C:/laragon/bin/apache/httpd-2.4.35-win64-VC15'
[Wed Aug 05 15:48:57.982770 2020] [mpm_winnt:notice] [pid 9568:tid 572] AH00418: Parent: Created child process 7480
AH00112: Warning: DocumentRoot [C:/laragon/www/test2/web] does not exist
Apache server restarting...
ot [C:/laragon/www/test2/web] does not exist
[Wed Aug 05 15:48:58.937945 2020] [mpm_winnt:notice] [pid 7480:tid 632] AH00354: Child: Starting 64 worker threads.
[Wed Aug 05 15:48:59.940015 2020] [mpm_winnt:notice] [pid 4960:tid 676] AH00364: Child: All worker threads have exited.
[Wed Aug 05 15:51:54.364397 2020] [mpm_winnt:notice] [pid 9568:tid 572] AH00424: Parent: Received restart signal -- Restarting the server.
[Wed Aug 05 15:51:54.403459 2020] [mpm_winnt:notice] [pid 9568:tid 572] AH00455: Apache/2.4.35 (Win64) OpenSSL/1.1.1g PHP/7.3.21 configured -- resuming normal operations
[Wed Aug 05 15:51:54.403459 2020] [mpm_winnt:notice] [pid 9568:tid 572] AH00456: Apache Lounge VC15 Server built: Sep 19 2018 16:08:47
[Wed Aug 05 15:51:54.403459 2020] [core:notice] [pid 9568:tid 572] AH00094: Command line: 'C:\\laragon\\bin\\apache\\httpd-2.4.35-win64-VC15\\bin\\httpd -d C:/laragon/bin/apache/httpd-2.4.35-win64-VC15'
[Wed Aug 05 15:51:54.406443 2020] [mpm_winnt:notice] [pid 9568:tid 572] AH00418: Parent: Created child process 10516
Apache server restarting...
[Wed Aug 05 15:51:54.957042 2020] [mpm_winnt:notice] [pid 9568:tid 572] AH00424: Parent: Received restart signal -- Restarting the server.
[Wed Aug 05 15:51:54.958055 2020] [core:error] [pid 9568:tid 572] AH00546: no record of generation 4 of exiting child 10516
[Wed Aug 05 15:51:55.002046 2020] [mpm_winnt:notice] [pid 9568:tid 572] AH00455: Apache/2.4.35 (Win64) OpenSSL/1.1.1g PHP/7.3.21 configured -- resuming normal operations
[Wed Aug 05 15:51:55.002046 2020] [mpm_winnt:notice] [pid 9568:tid 572] AH00456: Apache Lounge VC15 Server built: Sep 19 2018 16:08:47
[Wed Aug 05 15:51:55.002046 2020] [core:notice] [pid 9568:tid 572] AH00094: Command line: 'C:\\laragon\\bin\\apache\\httpd-2.4.35-win64-VC15\\bin\\httpd -d C:/laragon/bin/apache/httpd-2.4.35-win64-VC15'
[Wed Aug 05 15:51:55.005048 2020] [mpm_winnt:notice] [pid 9568:tid 572] AH00418: Parent: Created child process 13172
Apache server interrupted...
020] [mpm_winnt:notice] [pid 10516:tid 4] AH00354: Child: Starting 64 worker threads.
[Wed Aug 05 15:51:55.369560 2020] [mpm_winnt:error] [pid 10516:tid 1220] (OS 10038)Se intentó realizar una operación en un elemento que no es un socket.  : AH00332: winnt_accept: getsockname error on listening socket, is IPv6 available?
[Wed Aug 05 15:51:55.369560 2020] [mpm_winnt:error] [pid 10516:tid 1228] (OS 10038)Se intentó realizar una operación en un elemento que no es un socket.  : AH00332: winnt_accept: getsockname error on listening socket, is IPv6 available?
[Wed Aug 05 15:51:55.369560 2020] [mpm_winnt:error] [pid 10516:tid 1224] (OS 10038)Se intentó realizar una operación en un elemento que no es un socket.  : AH00332: winnt_accept: getsockname error on listening socket, is IPv6 available?
[Wed Aug 05 15:51:55.369560 2020] [mpm_winnt:error] [pid 10516:tid 1232] (OS 10038)Se intentó realizar una operación en un elemento que no es un socket.  : AH00332: winnt_accept: getsockname error on listening socket, is IPv6 available?
[Wed Aug 05 15:51:56.370362 2020] [mpm_winnt:notice] [pid 13172:tid 648] AH00354: Child: Starting 64 worker threads.
[Wed Aug 05 15:51:56.370689 2020] [mpm_winnt:notice] [pid 7480:tid 632] AH00364: Child: All worker threads have exited.
[Wed Aug 05 15:51:57.380350 2020] [mpm_winnt:notice] [pid 10516:tid 4] AH00364: Child: All worker threads have exited.
[Wed Aug 05 15:53:05.807107 2020] [mpm_winnt:notice] [pid 9568:tid 572] AH00422: Parent: Received shutdown signal -- Shutting down the server.
Apache server interrupted...
[Wed Aug 05 15:53:07.825107 2020] [mpm_winnt:notice] [pid 13172:tid 648] AH00364: Child: All worker threads have exited.
[Wed Aug 05 15:53:07.846945 2020] [mpm_winnt:notice] [pid 9568:tid 572] AH00430: Parent: Child process 13172 exited successfully.
[Wed Aug 05 15:53:16.751711 2020] [mpm_winnt:notice] [pid 7860:tid 636] AH00455: Apache/2.4.35 (Win64) OpenSSL/1.1.1g PHP/7.3.21 configured -- resuming normal operations
[Wed Aug 05 15:53:16.751711 2020] [mpm_winnt:notice] [pid 7860:tid 636] AH00456: Apache Lounge VC15 Server built: Sep 19 2018 16:08:47
[Wed Aug 05 15:53:16.751711 2020] [core:notice] [pid 7860:tid 636] AH00094: Command line: 'C:\\laragon\\bin\\apache\\httpd-2.4.35-win64-VC15\\bin\\httpd -d C:/laragon/bin/apache/httpd-2.4.35-win64-VC15'
[Wed Aug 05 15:53:16.754678 2020] [mpm_winnt:notice] [pid 7860:tid 636] AH00418: Parent: Created child process 10964
Apache server restarting...
2020] [mpm_winnt:notice] [pid 10964:tid 676] AH00354: Child: Starting 64 worker threads.
[Wed Aug 05 15:53:51.046919 2020] [mpm_winnt:notice] [pid 7860:tid 636] AH00424: Parent: Received restart signal -- Restarting the server.
[Wed Aug 05 15:53:51.084887 2020] [mpm_winnt:notice] [pid 7860:tid 636] AH00455: Apache/2.4.35 (Win64) OpenSSL/1.1.1g PHP/7.3.21 configured -- resuming normal operations
[Wed Aug 05 15:53:51.085885 2020] [mpm_winnt:notice] [pid 7860:tid 636] AH00456: Apache Lounge VC15 Server built: Sep 19 2018 16:08:47
[Wed Aug 05 15:53:51.085885 2020] [core:notice] [pid 7860:tid 636] AH00094: Command line: 'C:\\laragon\\bin\\apache\\httpd-2.4.35-win64-VC15\\bin\\httpd -d C:/laragon/bin/apache/httpd-2.4.35-win64-VC15'
[Wed Aug 05 15:53:51.087886 2020] [mpm_winnt:notice] [pid 7860:tid 636] AH00418: Parent: Created child process 11384
Apache server restarting...
2020] [mpm_winnt:notice] [pid 11384:tid 676] AH00354: Child: Starting 64 worker threads.
[Wed Aug 05 15:53:53.065684 2020] [mpm_winnt:notice] [pid 10964:tid 676] AH00364: Child: All worker threads have exited.
[Wed Aug 05 15:54:51.038024 2020] [mpm_winnt:notice] [pid 7860:tid 636] AH00424: Parent: Received restart signal -- Restarting the server.
[Wed Aug 05 15:54:51.078029 2020] [mpm_winnt:notice] [pid 7860:tid 636] AH00455: Apache/2.4.35 (Win64) OpenSSL/1.1.1g PHP/7.3.21 configured -- resuming normal operations
[Wed Aug 05 15:54:51.078029 2020] [mpm_winnt:notice] [pid 7860:tid 636] AH00456: Apache Lounge VC15 Server built: Sep 19 2018 16:08:47
[Wed Aug 05 15:54:51.078029 2020] [core:notice] [pid 7860:tid 636] AH00094: Command line: 'C:\\laragon\\bin\\apache\\httpd-2.4.35-win64-VC15\\bin\\httpd -d C:/laragon/bin/apache/httpd-2.4.35-win64-VC15'
[Wed Aug 05 15:54:51.081029 2020] [mpm_winnt:notice] [pid 7860:tid 636] AH00418: Parent: Created child process 12112
Apache server restarting...
2020] [mpm_winnt:notice] [pid 12112:tid 672] AH00354: Child: Starting 64 worker threads.
[Wed Aug 05 15:54:52.055563 2020] [mpm_winnt:notice] [pid 7860:tid 636] AH00424: Parent: Received restart signal -- Restarting the server.
[Wed Aug 05 15:54:52.097534 2020] [mpm_winnt:notice] [pid 7860:tid 636] AH00455: Apache/2.4.35 (Win64) OpenSSL/1.1.1g PHP/7.3.21 configured -- resuming normal operations
[Wed Aug 05 15:54:52.097534 2020] [mpm_winnt:notice] [pid 7860:tid 636] AH00456: Apache Lounge VC15 Server built: Sep 19 2018 16:08:47
[Wed Aug 05 15:54:52.097534 2020] [core:notice] [pid 7860:tid 636] AH00094: Command line: 'C:\\laragon\\bin\\apache\\httpd-2.4.35-win64-VC15\\bin\\httpd -d C:/laragon/bin/apache/httpd-2.4.35-win64-VC15'
[Wed Aug 05 15:54:52.100583 2020] [mpm_winnt:notice] [pid 7860:tid 636] AH00418: Parent: Created child process 2384
Apache server restarting...
[Wed Aug 05 15:54:52.444540 2020] [mpm_winnt:notice] [pid 7860:tid 636] AH00424: Parent: Received restart signal -- Restarting the server.
[Wed Aug 05 15:54:52.444540 2020] [core:error] [pid 7860:tid 636] AH00546: no record of generation 2 of exiting child 2384
[Wed Aug 05 15:54:52.489535 2020] [mpm_winnt:notice] [pid 7860:tid 636] AH00455: Apache/2.4.35 (Win64) OpenSSL/1.1.1g PHP/7.3.21 configured -- resuming normal operations
[Wed Aug 05 15:54:52.489535 2020] [mpm_winnt:notice] [pid 7860:tid 636] AH00456: Apache Lounge VC15 Server built: Sep 19 2018 16:08:47
[Wed Aug 05 15:54:52.489535 2020] [core:notice] [pid 7860:tid 636] AH00094: Command line: 'C:\\laragon\\bin\\apache\\httpd-2.4.35-win64-VC15\\bin\\httpd -d C:/laragon/bin/apache/httpd-2.4.35-win64-VC15'
[Wed Aug 05 15:54:52.492535 2020] [mpm_winnt:notice] [pid 7860:tid 636] AH00418: Parent: Created child process 11992
Apache server restarting...
2020] [mpm_winnt:notice] [pid 11384:tid 676] AH00364: Child: All worker threads have exited.
[Wed Aug 05 15:54:54.071043 2020] [mpm_winnt:notice] [pid 2384:tid 576] AH00354: Child: Starting 64 worker threads.
[Wed Aug 05 15:54:54.072997 2020] [mpm_winnt:error] [pid 2384:tid 500] (OS 10038)Se intentó realizar una operación en un elemento que no es un socket.  : AH00332: winnt_accept: getsockname error on listening socket, is IPv6 available?
[Wed Aug 05 15:54:54.072997 2020] [mpm_winnt:error] [pid 2384:tid 188] (OS 10038)Se intentó realizar una operación en un elemento que no es un socket.  : AH00332: winnt_accept: getsockname error on listening socket, is IPv6 available?
[Wed Aug 05 15:54:54.072997 2020] [mpm_winnt:error] [pid 2384:tid 192] (OS 10038)Se intentó realizar una operación en un elemento que no es un socket.  : AH00332: winnt_accept: getsockname error on listening socket, is IPv6 available?
[Wed Aug 05 15:54:54.072997 2020] [mpm_winnt:error] [pid 2384:tid 1132] (OS 10038)Se intentó realizar una operación en un elemento que no es un socket.  : AH00332: winnt_accept: getsockname error on listening socket, is IPv6 available?
[Wed Aug 05 15:54:54.177309 2020] [mpm_winnt:notice] [pid 7860:tid 636] AH00424: Parent: Received restart signal -- Restarting the server.
[Wed Aug 05 15:54:54.217459 2020] [mpm_winnt:notice] [pid 7860:tid 636] AH00455: Apache/2.4.35 (Win64) OpenSSL/1.1.1g PHP/7.3.21 configured -- resuming normal operations
[Wed Aug 05 15:54:54.217459 2020] [mpm_winnt:notice] [pid 7860:tid 636] AH00456: Apache Lounge VC15 Server built: Sep 19 2018 16:08:47
[Wed Aug 05 15:54:54.217459 2020] [core:notice] [pid 7860:tid 636] AH00094: Command line: 'C:\\laragon\\bin\\apache\\httpd-2.4.35-win64-VC15\\bin\\httpd -d C:/laragon/bin/apache/httpd-2.4.35-win64-VC15'
[Wed Aug 05 15:54:54.220460 2020] [mpm_winnt:notice] [pid 7860:tid 636] AH00418: Parent: Created child process 2968
Apache server interrupted...
020] [mpm_winnt:notice] [pid 11992:tid 396] AH00354: Child: Starting 64 worker threads.
[Wed Aug 05 15:54:55.076838 2020] [mpm_winnt:notice] [pid 12112:tid 672] AH00364: Child: All worker threads have exited.
[Wed Aug 05 15:54:55.081539 2020] [mpm_winnt:error] [pid 11992:tid 640] (OS 10038)Se intentó realizar una operación en un elemento que no es un socket.  : AH00332: winnt_accept: getsockname error on listening socket, is IPv6 available?
[Wed Aug 05 15:54:55.081539 2020] [mpm_winnt:error] [pid 11992:tid 632] (OS 10038)Se intentó realizar una operación en un elemento que no es un socket.  : AH00332: winnt_accept: getsockname error on listening socket, is IPv6 available?
[Wed Aug 05 15:54:55.081539 2020] [mpm_winnt:error] [pid 11992:tid 628] (OS 10038)Se intentó realizar una operación en un elemento que no es un socket.  : AH00332: winnt_accept: getsockname error on listening socket, is IPv6 available?
[Wed Aug 05 15:54:55.081539 2020] [mpm_winnt:error] [pid 11992:tid 1140] (OS 10038)Se intentó realizar una operación en un elemento que no es un socket.  : AH00332: winnt_accept: getsockname error on listening socket, is IPv6 available?
[Wed Aug 05 15:54:56.084604 2020] [mpm_winnt:notice] [pid 2384:tid 576] AH00363: Child: Terminating 58 threads that failed to exit.
[Wed Aug 05 15:54:56.084604 2020] [mpm_winnt:notice] [pid 2968:tid 672] AH00354: Child: Starting 64 worker threads.
[Wed Aug 05 15:54:56.084604 2020] [mpm_winnt:notice] [pid 2384:tid 576] AH00364: Child: All worker threads have exited.
[Wed Aug 05 15:54:57.095189 2020] [mpm_winnt:notice] [pid 11992:tid 396] AH00363: Child: Terminating 59 threads that failed to exit.
[Wed Aug 05 15:54:57.095189 2020] [mpm_winnt:notice] [pid 11992:tid 396] AH00364: Child: All worker threads have exited.
[Wed Aug 05 15:54:59.398586 2020] [mpm_winnt:notice] [pid 7860:tid 636] AH00422: Parent: Received shutdown signal -- Shutting down the server.
[Wed Aug 05 15:55:01.422365 2020] [mpm_winnt:notice] [pid 2968:tid 672] AH00364: Child: All worker threads have exited.
[Wed Aug 05 15:55:04.193337 2020] [core:warn] [pid 12496:tid 504] AH00098: pid file C:/laragon/bin/apache/httpd-2.4.35-win64-VC15/logs/httpd.pid overwritten -- Unclean shutdown of previous Apache run?
[Wed Aug 05 15:55:04.211345 2020] [mpm_winnt:notice] [pid 12496:tid 504] AH00455: Apache/2.4.35 (Win64) OpenSSL/1.1.1g PHP/7.3.21 configured -- resuming normal operations
[Wed Aug 05 15:55:04.211345 2020] [mpm_winnt:notice] [pid 12496:tid 504] AH00456: Apache Lounge VC15 Server built: Sep 19 2018 16:08:47
[Wed Aug 05 15:55:04.211345 2020] [core:notice] [pid 12496:tid 504] AH00094: Command line: 'C:\\laragon\\bin\\apache\\httpd-2.4.35-win64-VC15\\bin\\httpd -d C:/laragon/bin/apache/httpd-2.4.35-win64-VC15'
[Wed Aug 05 15:55:04.214325 2020] [mpm_winnt:notice] [pid 12496:tid 504] AH00418: Parent: Created child process 8852
Apache server restarting...
2020] [mpm_winnt:notice] [pid 8852:tid 676] AH00354: Child: Starting 64 worker threads.
[Wed Aug 05 15:59:11.248632 2020] [mpm_winnt:notice] [pid 12496:tid 504] AH00424: Parent: Received restart signal -- Restarting the server.
AH00112: Warning: DocumentRoot [C:/laragon/www/test1/web/web] does not exist
[Wed Aug 05 15:59:11.295831 2020] [mpm_winnt:notice] [pid 12496:tid 504] AH00455: Apache/2.4.35 (Win64) OpenSSL/1.1.1g PHP/7.3.21 configured -- resuming normal operations
[Wed Aug 05 15:59:11.295831 2020] [mpm_winnt:notice] [pid 12496:tid 504] AH00456: Apache Lounge VC15 Server built: Sep 19 2018 16:08:47
[Wed Aug 05 15:59:11.295831 2020] [core:notice] [pid 12496:tid 504] AH00094: Command line: 'C:\\laragon\\bin\\apache\\httpd-2.4.35-win64-VC15\\bin\\httpd -d C:/laragon/bin/apache/httpd-2.4.35-win64-VC15'
[Wed Aug 05 15:59:11.298788 2020] [mpm_winnt:notice] [pid 12496:tid 504] AH00418: Parent: Created child process 1196
AH00112: Warning: DocumentRoot [C:/laragon/www/test1/web/web] does not exist
Apache server restarting...
ot [C:/laragon/www/test1/web/web] does not exist
[Wed Aug 05 15:59:12.264363 2020] [mpm_winnt:notice] [pid 1196:tid 648] AH00354: Child: Starting 64 worker threads.
[Wed Aug 05 15:59:13.276240 2020] [mpm_winnt:notice] [pid 8852:tid 676] AH00364: Child: All worker threads have exited.
[Wed Aug 05 15:59:57.441690 2020] [mpm_winnt:notice] [pid 12496:tid 504] AH00424: Parent: Received restart signal -- Restarting the server.
AH00112: Warning: DocumentRoot [C:/laragon/www/test1/web/web] does not exist
[Wed Aug 05 15:59:57.489861 2020] [mpm_winnt:notice] [pid 12496:tid 504] AH00455: Apache/2.4.35 (Win64) OpenSSL/1.1.1g PHP/7.3.21 configured -- resuming normal operations
[Wed Aug 05 15:59:57.489861 2020] [mpm_winnt:notice] [pid 12496:tid 504] AH00456: Apache Lounge VC15 Server built: Sep 19 2018 16:08:47
[Wed Aug 05 15:59:57.489861 2020] [core:notice] [pid 12496:tid 504] AH00094: Command line: 'C:\\laragon\\bin\\apache\\httpd-2.4.35-win64-VC15\\bin\\httpd -d C:/laragon/bin/apache/httpd-2.4.35-win64-VC15'
[Wed Aug 05 15:59:57.492858 2020] [mpm_winnt:notice] [pid 12496:tid 504] AH00418: Parent: Created child process 2368
AH00112: Warning: DocumentRoot [C:/laragon/www/test1/web/web] does not exist
Apache server restarting...
ot [C:/laragon/www/test1/web/web] does not exist
[Wed Aug 05 15:59:58.445877 2020] [mpm_winnt:notice] [pid 2368:tid 660] AH00354: Child: Starting 64 worker threads.
[Wed Aug 05 15:59:59.448198 2020] [mpm_winnt:notice] [pid 1196:tid 648] AH00364: Child: All worker threads have exited.
[Wed Aug 05 16:01:03.484014 2020] [mpm_winnt:notice] [pid 12496:tid 504] AH00424: Parent: Received restart signal -- Restarting the server.
AH00112: Warning: DocumentRoot [C:/laragon/www/test1/web/web] does not exist
[Wed Aug 05 16:01:03.526012 2020] [mpm_winnt:notice] [pid 12496:tid 504] AH00455: Apache/2.4.35 (Win64) OpenSSL/1.1.1g PHP/7.3.21 configured -- resuming normal operations
[Wed Aug 05 16:01:03.526012 2020] [mpm_winnt:notice] [pid 12496:tid 504] AH00456: Apache Lounge VC15 Server built: Sep 19 2018 16:08:47
[Wed Aug 05 16:01:03.526012 2020] [core:notice] [pid 12496:tid 504] AH00094: Command line: 'C:\\laragon\\bin\\apache\\httpd-2.4.35-win64-VC15\\bin\\httpd -d C:/laragon/bin/apache/httpd-2.4.35-win64-VC15'
[Wed Aug 05 16:01:03.528012 2020] [mpm_winnt:notice] [pid 12496:tid 504] AH00418: Parent: Created child process 3896
AH00112: Warning: DocumentRoot [C:/laragon/www/test1/web/web] does not exist
Apache server restarting...
ot [C:/laragon/www/test1/web/web] does not exist
[Wed Aug 05 16:01:04.488885 2020] [mpm_winnt:notice] [pid 3896:tid 664] AH00354: Child: Starting 64 worker threads.
[Wed Aug 05 16:01:05.490691 2020] [mpm_winnt:notice] [pid 2368:tid 660] AH00364: Child: All worker threads have exited.
[Wed Aug 05 16:01:46.996254 2020] [mpm_winnt:notice] [pid 12496:tid 504] AH00424: Parent: Received restart signal -- Restarting the server.
AH00112: Warning: DocumentRoot [C:/laragon/www/test1/web/web] does not exist
[Wed Aug 05 16:01:47.035907 2020] [mpm_winnt:notice] [pid 12496:tid 504] AH00455: Apache/2.4.35 (Win64) OpenSSL/1.1.1g PHP/7.3.21 configured -- resuming normal operations
[Wed Aug 05 16:01:47.035907 2020] [mpm_winnt:notice] [pid 12496:tid 504] AH00456: Apache Lounge VC15 Server built: Sep 19 2018 16:08:47
[Wed Aug 05 16:01:47.035907 2020] [core:notice] [pid 12496:tid 504] AH00094: Command line: 'C:\\laragon\\bin\\apache\\httpd-2.4.35-win64-VC15\\bin\\httpd -d C:/laragon/bin/apache/httpd-2.4.35-win64-VC15'
[Wed Aug 05 16:01:47.038987 2020] [mpm_winnt:notice] [pid 12496:tid 504] AH00418: Parent: Created child process 9908
AH00112: Warning: DocumentRoot [C:/laragon/www/test1/web/web] does not exist
Apache server restarting...
ot [C:/laragon/www/test1/web/web] does not exist
[Wed Aug 05 16:01:48.009249 2020] [mpm_winnt:notice] [pid 9908:tid 648] AH00354: Child: Starting 64 worker threads.
[Wed Aug 05 16:01:49.011972 2020] [mpm_winnt:notice] [pid 3896:tid 664] AH00364: Child: All worker threads have exited.
[Wed Aug 05 16:02:44.070241 2020] [mpm_winnt:notice] [pid 12496:tid 504] AH00424: Parent: Received restart signal -- Restarting the server.
AH00112: Warning: DocumentRoot [C:/laragon/www/test1/web/web] does not exist
[Wed Aug 05 16:02:44.112208 2020] [mpm_winnt:notice] [pid 12496:tid 504] AH00455: Apache/2.4.35 (Win64) OpenSSL/1.1.1g PHP/7.3.21 configured -- resuming normal operations
[Wed Aug 05 16:02:44.112208 2020] [mpm_winnt:notice] [pid 12496:tid 504] AH00456: Apache Lounge VC15 Server built: Sep 19 2018 16:08:47
[Wed Aug 05 16:02:44.112208 2020] [core:notice] [pid 12496:tid 504] AH00094: Command line: 'C:\\laragon\\bin\\apache\\httpd-2.4.35-win64-VC15\\bin\\httpd -d C:/laragon/bin/apache/httpd-2.4.35-win64-VC15'
[Wed Aug 05 16:02:44.114209 2020] [mpm_winnt:notice] [pid 12496:tid 504] AH00418: Parent: Created child process 1624
AH00112: Warning: DocumentRoot [C:/laragon/www/test1/web/web] does not exist
Apache server interrupted...
t [C:/laragon/www/test1/web/web] does not exist
[Wed Aug 05 16:02:45.084698 2020] [mpm_winnt:notice] [pid 1624:tid 688] AH00354: Child: Starting 64 worker threads.
[Wed Aug 05 16:02:46.092851 2020] [mpm_winnt:notice] [pid 9908:tid 648] AH00364: Child: All worker threads have exited.
[Wed Aug 05 16:02:50.152671 2020] [mpm_winnt:notice] [pid 12496:tid 504] AH00422: Parent: Received shutdown signal -- Shutting down the server.
[Wed Aug 05 16:02:52.164089 2020] [mpm_winnt:notice] [pid 1624:tid 688] AH00364: Child: All worker threads have exited.
AH00112: Warning: DocumentRoot [C:/laragon/www/druparcheky/web/web] does not exist
AH00112: Warning: DocumentRoot [C:/laragon/www/test1/web/web] does not exist
[Wed Aug 05 16:03:04.210802 2020] [core:warn] [pid 7144:tid 524] AH00098: pid file C:/laragon/bin/apache/httpd-2.4.35-win64-VC15/logs/httpd.pid overwritten -- Unclean shutdown of previous Apache run?
[Wed Aug 05 16:03:04.236762 2020] [mpm_winnt:notice] [pid 7144:tid 524] AH00455: Apache/2.4.35 (Win64) OpenSSL/1.1.1g PHP/7.3.21 configured -- resuming normal operations
[Wed Aug 05 16:03:04.236762 2020] [mpm_winnt:notice] [pid 7144:tid 524] AH00456: Apache Lounge VC15 Server built: Sep 19 2018 16:08:47
[Wed Aug 05 16:03:04.236762 2020] [core:notice] [pid 7144:tid 524] AH00094: Command line: 'C:\\laragon\\bin\\apache\\httpd-2.4.35-win64-VC15\\bin\\httpd -d C:/laragon/bin/apache/httpd-2.4.35-win64-VC15'
[Wed Aug 05 16:03:04.240762 2020] [mpm_winnt:notice] [pid 7144:tid 524] AH00418: Parent: Created child process 5728
AH00112: Warning: DocumentRoot [C:/laragon/www/druparcheky/web/web] does not exist
AH00112: Warning: DocumentRoot [C:/laragon/www/test1/web/web] does not exist
Apache server interrupted...
t [C:/laragon/www/druparcheky/web/web] does not exist
AH00112: Warning: DocumentRoot [C:/laragon/www/test1/web/web] does not exist
[Wed Aug 05 16:03:04.602792 2020] [mpm_winnt:notice] [pid 5728:tid 660] AH00354: Child: Starting 64 worker threads.
[Wed Aug 05 16:03:30.184314 2020] [mpm_winnt:notice] [pid 7144:tid 524] AH00422: Parent: Received shutdown signal -- Shutting down the server.
[Wed Aug 05 16:03:32.206107 2020] [mpm_winnt:notice] [pid 5728:tid 660] AH00364: Child: All worker threads have exited.
[Wed Aug 05 16:03:44.706022 2020] [core:warn] [pid 11684:tid 472] AH00098: pid file C:/laragon/bin/apache/httpd-2.4.35-win64-VC15/logs/httpd.pid overwritten -- Unclean shutdown of previous Apache run?
[Wed Aug 05 16:03:44.724516 2020] [mpm_winnt:notice] [pid 11684:tid 472] AH00455: Apache/2.4.35 (Win64) OpenSSL/1.1.1g PHP/7.3.21 configured -- resuming normal operations
[Wed Aug 05 16:03:44.724516 2020] [mpm_winnt:notice] [pid 11684:tid 472] AH00456: Apache Lounge VC15 Server built: Sep 19 2018 16:08:47
[Wed Aug 05 16:03:44.724516 2020] [core:notice] [pid 11684:tid 472] AH00094: Command line: 'C:\\laragon\\bin\\apache\\httpd-2.4.35-win64-VC15\\bin\\httpd -d C:/laragon/bin/apache/httpd-2.4.35-win64-VC15'
[Wed Aug 05 16:03:44.728518 2020] [mpm_winnt:notice] [pid 11684:tid 472] AH00418: Parent: Created child process 2288
Apache server restarting...
2020] [mpm_winnt:notice] [pid 2288:tid 668] AH00354: Child: Starting 64 worker threads.
[Wed Aug 05 16:05:43.143327 2020] [mpm_winnt:notice] [pid 11684:tid 472] AH00424: Parent: Received restart signal -- Restarting the server.
[Wed Aug 05 16:05:43.194331 2020] [mpm_winnt:notice] [pid 11684:tid 472] AH00455: Apache/2.4.35 (Win64) OpenSSL/1.1.1g PHP/7.3.21 configured -- resuming normal operations
[Wed Aug 05 16:05:43.194331 2020] [mpm_winnt:notice] [pid 11684:tid 472] AH00456: Apache Lounge VC15 Server built: Sep 19 2018 16:08:47
[Wed Aug 05 16:05:43.194331 2020] [core:notice] [pid 11684:tid 472] AH00094: Command line: 'C:\\laragon\\bin\\apache\\httpd-2.4.35-win64-VC15\\bin\\httpd -d C:/laragon/bin/apache/httpd-2.4.35-win64-VC15'
[Wed Aug 05 16:05:43.199328 2020] [mpm_winnt:notice] [pid 11684:tid 472] AH00418: Parent: Created child process 6596
[Wed Aug 05 16:05:44.158376 2020] [mpm_winnt:notice] [pid 6596:tid 668] AH00354: Child: Starting 64 worker threads.
[Wed Aug 05 16:05:45.159139 2020] [mpm_winnt:notice] [pid 2288:tid 668] AH00364: Child: All worker threads have exited.
[Wed Aug 05 16:07:24.480861 2020] [authz_core:error] [pid 6596:tid 1188] [client ::1:52395] AH01630: client denied by server configuration: C:/laragon/etc/apps/phpMyAdmin
[Wed Aug 05 16:09:58.135268 2020] [mpm_winnt:crit] [pid 6596:tid 668] AH02538: Child: Parent process exited abruptly. Child process is ending
[Wed Aug 05 16:10:00.154410 2020] [mpm_winnt:notice] [pid 6596:tid 668] AH00364: Child: All worker threads have exited.
[Wed Aug 05 16:45:20.739736 2020] [core:warn] [pid 1120:tid 564] AH00098: pid file C:/laragon/bin/apache/httpd-2.4.35-win64-VC15/logs/httpd.pid overwritten -- Unclean shutdown of previous Apache run?
[Wed Aug 05 16:45:20.766733 2020] [mpm_winnt:notice] [pid 1120:tid 564] AH00455: Apache/2.4.35 (Win64) OpenSSL/1.1.1g PHP/7.3.21 configured -- resuming normal operations
[Wed Aug 05 16:45:20.766733 2020] [mpm_winnt:notice] [pid 1120:tid 564] AH00456: Apache Lounge VC15 Server built: Sep 19 2018 16:08:47
[Wed Aug 05 16:45:20.766733 2020] [core:notice] [pid 1120:tid 564] AH00094: Command line: 'C:\\laragon\\bin\\apache\\httpd-2.4.35-win64-VC15\\bin\\httpd -d C:/laragon/bin/apache/httpd-2.4.35-win64-VC15'
[Wed Aug 05 16:45:20.769733 2020] [mpm_winnt:notice] [pid 1120:tid 564] AH00418: Parent: Created child process 13028
Apache server interrupted...
020] [mpm_winnt:notice] [pid 13028:tid 648] AH00354: Child: Starting 64 worker threads.
[Wed Aug 05 16:47:04.248000 2020] [mpm_winnt:notice] [pid 1120:tid 564] AH00422: Parent: Received shutdown signal -- Shutting down the server.
[Wed Aug 05 16:47:06.274718 2020] [mpm_winnt:notice] [pid 13028:tid 648] AH00364: Child: All worker threads have exited.
[Wed Aug 05 16:59:21.138920 2020] [core:warn] [pid 1804:tid 548] AH00098: pid file C:/laragon/bin/apache/httpd-2.4.35-win64-VC15/logs/httpd.pid overwritten -- Unclean shutdown of previous Apache run?
[Wed Aug 05 16:59:21.337158 2020] [mpm_winnt:notice] [pid 1804:tid 548] AH00455: Apache/2.4.35 (Win64) OpenSSL/1.1.1g PHP/7.3.21 configured -- resuming normal operations
[Wed Aug 05 16:59:21.337158 2020] [mpm_winnt:notice] [pid 1804:tid 548] AH00456: Apache Lounge VC15 Server built: Sep 19 2018 16:08:47
[Wed Aug 05 16:59:21.337158 2020] [core:notice] [pid 1804:tid 548] AH00094: Command line: 'C:\\laragon\\bin\\apache\\httpd-2.4.35-win64-VC15\\bin\\httpd -d C:/laragon/bin/apache/httpd-2.4.35-win64-VC15'
[Wed Aug 05 16:59:21.341166 2020] [mpm_winnt:notice] [pid 1804:tid 548] AH00418: Parent: Created child process 4748
Apache server restarting...
2020] [mpm_winnt:notice] [pid 4748:tid 672] AH00354: Child: Starting 64 worker threads.
[Wed Aug 05 16:59:46.979119 2020] [mpm_winnt:notice] [pid 1804:tid 548] AH00424: Parent: Received restart signal -- Restarting the server.
[Wed Aug 05 16:59:47.034117 2020] [mpm_winnt:notice] [pid 1804:tid 548] AH00455: Apache/2.4.35 (Win64) OpenSSL/1.1.1g PHP/7.3.21 configured -- resuming normal operations
[Wed Aug 05 16:59:47.034117 2020] [mpm_winnt:notice] [pid 1804:tid 548] AH00456: Apache Lounge VC15 Server built: Sep 19 2018 16:08:47
[Wed Aug 05 16:59:47.034117 2020] [core:notice] [pid 1804:tid 548] AH00094: Command line: 'C:\\laragon\\bin\\apache\\httpd-2.4.35-win64-VC15\\bin\\httpd -d C:/laragon/bin/apache/httpd-2.4.35-win64-VC15'
[Wed Aug 05 16:59:47.037123 2020] [mpm_winnt:notice] [pid 1804:tid 548] AH00418: Parent: Created child process 1404
Apache server restarting...
[Wed Aug 05 16:59:47.827118 2020] [mpm_winnt:notice] [pid 1804:tid 548] AH00424: Parent: Received restart signal -- Restarting the server.
[Wed Aug 05 16:59:47.827118 2020] [core:error] [pid 1804:tid 548] AH00546: no record of generation 0 of exiting child 1404
[Wed Aug 05 16:59:47.887122 2020] [mpm_winnt:notice] [pid 1804:tid 548] AH00455: Apache/2.4.35 (Win64) OpenSSL/1.1.1g PHP/7.3.21 configured -- resuming normal operations
[Wed Aug 05 16:59:47.887122 2020] [mpm_winnt:notice] [pid 1804:tid 548] AH00456: Apache Lounge VC15 Server built: Sep 19 2018 16:08:47
[Wed Aug 05 16:59:47.887122 2020] [core:notice] [pid 1804:tid 548] AH00094: Command line: 'C:\\laragon\\bin\\apache\\httpd-2.4.35-win64-VC15\\bin\\httpd -d C:/laragon/bin/apache/httpd-2.4.35-win64-VC15'
[Wed Aug 05 16:59:47.891144 2020] [mpm_winnt:notice] [pid 1804:tid 548] AH00418: Parent: Created child process 9524
[Wed Aug 05 16:59:47.988117 2020] [mpm_winnt:notice] [pid 1404:tid 668] AH00354: Child: Starting 64 worker threads.
[Wed Aug 05 16:59:47.989119 2020] [mpm_winnt:error] [pid 1404:tid 800] (OS 10038)Se intentó realizar una operación en un elemento que no es un socket.  : AH00332: winnt_accept: getsockname error on listening socket, is IPv6 available?
[Wed Aug 05 16:59:47.989119 2020] [mpm_winnt:error] [pid 1404:tid 808] (OS 10038)Se intentó realizar una operación en un elemento que no es un socket.  : AH00332: winnt_accept: getsockname error on listening socket, is IPv6 available?
[Wed Aug 05 16:59:47.989119 2020] [mpm_winnt:error] [pid 1404:tid 812] (OS 10038)Se intentó realizar una operación en un elemento que no es un socket.  : AH00332: winnt_accept: getsockname error on listening socket, is IPv6 available?
[Wed Aug 05 16:59:47.989119 2020] [mpm_winnt:error] [pid 1404:tid 632] (OS 10038)Se intentó realizar una operación en un elemento que no es un socket.  : AH00332: winnt_accept: getsockname error on listening socket, is IPv6 available?
[Wed Aug 05 16:59:49.002542 2020] [mpm_winnt:notice] [pid 9524:tid 568] AH00354: Child: Starting 64 worker threads.
[Wed Aug 05 16:59:49.002542 2020] [mpm_winnt:notice] [pid 4748:tid 672] AH00364: Child: All worker threads have exited.
[Wed Aug 05 16:59:50.009990 2020] [mpm_winnt:notice] [pid 1404:tid 668] AH00363: Child: Terminating 15 threads that failed to exit.
[Wed Aug 05 16:59:50.009990 2020] [mpm_winnt:notice] [pid 1404:tid 668] AH00364: Child: All worker threads have exited.
[Wed Aug 05 17:00:00.655426 2020] [mpm_winnt:crit] [pid 9524:tid 568] AH02538: Child: Parent process exited abruptly. Child process is ending
[Wed Aug 05 17:00:02.677534 2020] [mpm_winnt:notice] [pid 9524:tid 568] AH00364: Child: All worker threads have exited.
[Wed Aug 05 17:03:31.284066 2020] [core:warn] [pid 10756:tid 520] AH00098: pid file C:/laragon/bin/apache/httpd-2.4.35-win64-VC15/logs/httpd.pid overwritten -- Unclean shutdown of previous Apache run?
[Wed Aug 05 17:03:31.308104 2020] [mpm_winnt:notice] [pid 10756:tid 520] AH00455: Apache/2.4.35 (Win64) OpenSSL/1.1.1g PHP/7.3.21 configured -- resuming normal operations
[Wed Aug 05 17:03:31.308104 2020] [mpm_winnt:notice] [pid 10756:tid 520] AH00456: Apache Lounge VC15 Server built: Sep 19 2018 16:08:47
[Wed Aug 05 17:03:31.308104 2020] [core:notice] [pid 10756:tid 520] AH00094: Command line: 'C:\\laragon\\bin\\apache\\httpd-2.4.35-win64-VC15\\bin\\httpd -d C:/laragon/bin/apache/httpd-2.4.35-win64-VC15'
[Wed Aug 05 17:03:31.311061 2020] [mpm_winnt:notice] [pid 10756:tid 520] AH00418: Parent: Created child process 2800
Apache server restarting...
2020] [mpm_winnt:notice] [pid 2800:tid 664] AH00354: Child: Starting 64 worker threads.
[Wed Aug 05 17:03:54.972936 2020] [mpm_winnt:notice] [pid 10756:tid 520] AH00424: Parent: Received restart signal -- Restarting the server.
[Wed Aug 05 17:03:55.021666 2020] [mpm_winnt:notice] [pid 10756:tid 520] AH00455: Apache/2.4.35 (Win64) OpenSSL/1.1.1g PHP/7.3.21 configured -- resuming normal operations
[Wed Aug 05 17:03:55.021666 2020] [mpm_winnt:notice] [pid 10756:tid 520] AH00456: Apache Lounge VC15 Server built: Sep 19 2018 16:08:47
[Wed Aug 05 17:03:55.021666 2020] [core:notice] [pid 10756:tid 520] AH00094: Command line: 'C:\\laragon\\bin\\apache\\httpd-2.4.35-win64-VC15\\bin\\httpd -d C:/laragon/bin/apache/httpd-2.4.35-win64-VC15'
[Wed Aug 05 17:03:55.024671 2020] [mpm_winnt:notice] [pid 10756:tid 520] AH00418: Parent: Created child process 6972
Apache server restarting...
2020] [mpm_winnt:notice] [pid 6972:tid 664] AH00354: Child: Starting 64 worker threads.
[Wed Aug 05 17:03:55.985309 2020] [mpm_winnt:notice] [pid 10756:tid 520] AH00424: Parent: Received restart signal -- Restarting the server.
[Wed Aug 05 17:03:56.037308 2020] [mpm_winnt:notice] [pid 10756:tid 520] AH00455: Apache/2.4.35 (Win64) OpenSSL/1.1.1g PHP/7.3.21 configured -- resuming normal operations
[Wed Aug 05 17:03:56.037308 2020] [mpm_winnt:notice] [pid 10756:tid 520] AH00456: Apache Lounge VC15 Server built: Sep 19 2018 16:08:47
[Wed Aug 05 17:03:56.037308 2020] [core:notice] [pid 10756:tid 520] AH00094: Command line: 'C:\\laragon\\bin\\apache\\httpd-2.4.35-win64-VC15\\bin\\httpd -d C:/laragon/bin/apache/httpd-2.4.35-win64-VC15'
[Wed Aug 05 17:03:56.041310 2020] [mpm_winnt:notice] [pid 10756:tid 520] AH00418: Parent: Created child process 12036
Apache server interrupted...
020] [mpm_winnt:notice] [pid 2800:tid 664] AH00364: Child: All worker threads have exited.
[Wed Aug 05 17:03:57.999617 2020] [mpm_winnt:notice] [pid 12036:tid 676] AH00354: Child: Starting 64 worker threads.
[Wed Aug 05 17:03:59.012458 2020] [mpm_winnt:notice] [pid 6972:tid 664] AH00364: Child: All worker threads have exited.
[Wed Aug 05 17:04:18.366406 2020] [mpm_winnt:notice] [pid 10756:tid 520] AH00422: Parent: Received shutdown signal -- Shutting down the server.
[Wed Aug 05 17:04:20.384985 2020] [mpm_winnt:notice] [pid 12036:tid 676] AH00364: Child: All worker threads have exited.
[Wed Aug 05 17:06:58.800802 2020] [core:warn] [pid 10556:tid 516] AH00098: pid file C:/laragon-old/bin/apache/httpd-2.4.35-win64-VC15/logs/httpd.pid overwritten -- Unclean shutdown of previous Apache run?
[Wed Aug 05 17:06:58.866808 2020] [mpm_winnt:notice] [pid 10556:tid 516] AH00455: Apache/2.4.35 (Win64) OpenSSL/1.1.1g PHP/7.3.21 configured -- resuming normal operations
[Wed Aug 05 17:06:58.866808 2020] [mpm_winnt:notice] [pid 10556:tid 516] AH00456: Apache Lounge VC15 Server built: Sep 19 2018 16:08:47
[Wed Aug 05 17:06:58.866808 2020] [core:notice] [pid 10556:tid 516] AH00094: Command line: 'C:\\laragon-old\\bin\\apache\\httpd-2.4.35-win64-VC15\\bin\\httpd -d C:/laragon-old/bin/apache/httpd-2.4.35-win64-VC15'
[Wed Aug 05 17:06:58.870808 2020] [mpm_winnt:notice] [pid 10556:tid 516] AH00418: Parent: Created child process 11464
[Wed Aug 05 17:06:59.644340 2020] [mpm_winnt:notice] [pid 11464:tid 668] AH00354: Child: Starting 64 worker threads.
[Wed Aug 05 17:08:18.819441 2020] [mpm_winnt:crit] [pid 11464:tid 668] AH02538: Child: Parent process exited abruptly. Child process is ending
[Wed Aug 05 17:08:20.831444 2020] [mpm_winnt:notice] [pid 11464:tid 668] AH00364: Child: All worker threads have exited.
[Wed Aug 05 17:13:07.854276 2020] [core:warn] [pid 2148:tid 508] AH00098: pid file C:/laragon/bin/apache/httpd-2.4.35-win64-VC15/logs/httpd.pid overwritten -- Unclean shutdown of previous Apache run?
[Wed Aug 05 17:13:07.894428 2020] [mpm_winnt:notice] [pid 2148:tid 508] AH00455: Apache/2.4.35 (Win64) OpenSSL/1.1.1g PHP/7.3.21 configured -- resuming normal operations
[Wed Aug 05 17:13:07.894428 2020] [mpm_winnt:notice] [pid 2148:tid 508] AH00456: Apache Lounge VC15 Server built: Sep 19 2018 16:08:47
[Wed Aug 05 17:13:07.894428 2020] [core:notice] [pid 2148:tid 508] AH00094: Command line: 'C:\\laragon\\bin\\apache\\httpd-2.4.35-win64-VC15\\bin\\httpd -d C:/laragon/bin/apache/httpd-2.4.35-win64-VC15'
[Wed Aug 05 17:13:07.899428 2020] [mpm_winnt:notice] [pid 2148:tid 508] AH00418: Parent: Created child process 7256
Apache server restarting...
2020] [mpm_winnt:notice] [pid 7256:tid 660] AH00354: Child: Starting 64 worker threads.
[Wed Aug 05 17:13:11.330707 2020] [mpm_winnt:notice] [pid 2148:tid 508] AH00424: Parent: Received restart signal -- Restarting the server.
[Wed Aug 05 17:13:11.392292 2020] [mpm_winnt:notice] [pid 2148:tid 508] AH00455: Apache/2.4.35 (Win64) OpenSSL/1.1.1g PHP/7.3.21 configured -- resuming normal operations
[Wed Aug 05 17:13:11.392292 2020] [mpm_winnt:notice] [pid 2148:tid 508] AH00456: Apache Lounge VC15 Server built: Sep 19 2018 16:08:47
[Wed Aug 05 17:13:11.392292 2020] [core:notice] [pid 2148:tid 508] AH00094: Command line: 'C:\\laragon\\bin\\apache\\httpd-2.4.35-win64-VC15\\bin\\httpd -d C:/laragon/bin/apache/httpd-2.4.35-win64-VC15'
[Wed Aug 05 17:13:11.397254 2020] [mpm_winnt:notice] [pid 2148:tid 508] AH00418: Parent: Created child process 2980
Apache server interrupted...
020] [mpm_winnt:notice] [pid 2980:tid 656] AH00354: Child: Starting 64 worker threads.
[Wed Aug 05 17:13:13.351061 2020] [mpm_winnt:notice] [pid 7256:tid 660] AH00364: Child: All worker threads have exited.
[Wed Aug 05 17:13:20.617849 2020] [mpm_winnt:notice] [pid 2148:tid 508] AH00422: Parent: Received shutdown signal -- Shutting down the server.
[Wed Aug 05 17:13:22.631580 2020] [mpm_winnt:notice] [pid 2980:tid 656] AH00364: Child: All worker threads have exited.
[Wed Aug 05 17:13:24.646116 2020] [core:warn] [pid 9984:tid 556] AH00098: pid file C:/laragon/bin/apache/httpd-2.4.35-win64-VC15/logs/httpd.pid overwritten -- Unclean shutdown of previous Apache run?
[Wed Aug 05 17:13:24.676081 2020] [mpm_winnt:notice] [pid 9984:tid 556] AH00455: Apache/2.4.35 (Win64) OpenSSL/1.1.1g PHP/7.3.21 configured -- resuming normal operations
[Wed Aug 05 17:13:24.676081 2020] [mpm_winnt:notice] [pid 9984:tid 556] AH00456: Apache Lounge VC15 Server built: Sep 19 2018 16:08:47
[Wed Aug 05 17:13:24.676081 2020] [core:notice] [pid 9984:tid 556] AH00094: Command line: 'C:\\laragon\\bin\\apache\\httpd-2.4.35-win64-VC15\\bin\\httpd -d C:/laragon/bin/apache/httpd-2.4.35-win64-VC15'
[Wed Aug 05 17:13:24.681078 2020] [mpm_winnt:notice] [pid 9984:tid 556] AH00418: Parent: Created child process 9384
[Wed Aug 05 17:13:25.153124 2020] [mpm_winnt:notice] [pid 9384:tid 652] AH00354: Child: Starting 64 worker threads.
